<?xml version="1.0" encoding="UTF-8"?>
<testsuites name="Regression" time="429.495" tests="10" failures="0" errors="0">
   <testsuite name="Regression" tests="10" failures="0" errors="0" time="429.495" skipped="0" timestamp="2022-12-21 12:43:09" hostname="Asus - DESKTOP-SRK5D1D" id="Test Suites/Regression">
      <properties>
         <property name="deviceName" value="Xiaomi Redmi Note 9 Pro (Android 11)"/>
         <property name="devicePlatform" value=""/>
         <property name="logFolder" value="E:\\SEMESTER 7\\MBKM\\Capstone Project\\CICD\\Mobile\\CapstoneWorkfitMobile\\Reports\\20221221_124251\\Regression\\20221221_124251"/>
         <property name="logFiles" value="E:\\SEMESTER 7\\MBKM\\Capstone Project\\CICD\\Mobile\\CapstoneWorkfitMobile\\Reports\\20221221_124251\\Regression\\20221221_124251\\appium.log, E:\\SEMESTER 7\\MBKM\\Capstone Project\\CICD\\Mobile\\CapstoneWorkfitMobile\\Reports\\20221221_124251\\Regression\\20221221_124251\\execution0.log"/>
         <property name="attachments" value=""/>
         <property name="hostName" value="Asus - DESKTOP-SRK5D1D"/>
         <property name="os" value="Windows 10 64bit"/>
         <property name="appiumServerStatus" value="{&quot;value&quot;:{&quot;build&quot;:{&quot;version&quot;:&quot;1.22.3&quot;}},&quot;sessionId&quot;:null,&quot;status&quot;:0}"/>
         <property name="katalonVersion" value="8.3.0.208"/>
         <property name="deviceOS" value="Android"/>
         <property name="appiumVersion" value="1.22.3"/>
         <property name="deviceModel" value="Redmi Note 9 Pro"/>
         <property name="hostAddress" value="192.168.56.1"/>
         <property name="deviceManufacturer" value="Xiaomi"/>
         <property name="deviceId" value="9821f742"/>
         <property name="deviceName" value="Xiaomi Redmi Note 9 Pro (Android 11)"/>
         <property name="deviceOSVersion" value="11"/>
      </properties>
      <testcase name="Test Cases/Summary/TC_Summary_01" time="43.132" classname="Test Cases/Summary/TC_Summary_01" status="PASSED">
         <system-out><![CDATA[2022-12-21 12:43:09 - [TEST_CASE][PASSED] - Test Cases/Summary/TC_Summary_01: Test Cases/Summary/TC_Summary_01

2022-12-21 12:43:10 - [TEST_STEP][PASSED] - startApplication("E:\SEMESTER 7\MBKM\Capstone Project\CICD\Aplikasi\Terbaru\app-release.apk", true): Started app at: 'E:\SEMESTER 7\MBKM\Capstone Project\CICD\Aplikasi\Terbaru\app-release.apk'

2022-12-21 12:43:10 - [MESSAGE][INFO] - Detected NodeJS location: "C:\Program Files\nodejs\node.exe"

2022-12-21 12:43:12 - [MESSAGE][INFO] - Appium server started on port 58,590

2022-12-21 12:43:34 - [MESSAGE][PASSED] - Started app at: 'E:\SEMESTER 7\MBKM\Capstone Project\CICD\Aplikasi\Terbaru\app-release.apk'

2022-12-21 12:43:34 - [TEST_STEP][PASSED] - tap(findTestObject("Object Repository/Summary/Online/android.view.View (2)"), 0): Tapped on element 'Object Repository/Summary/Online/android.view.View (2)'

2022-12-21 12:43:34 - [MESSAGE][WARNING] - Timeout '0' is invalid. Using default page load timeout: '30'

2022-12-21 12:43:35 - [MESSAGE][PASSED] - Tapped on element 'Object Repository/Summary/Online/android.view.View (2)'

2022-12-21 12:43:35 - [TEST_STEP][PASSED] - tap(findTestObject("Object Repository/Summary/Online/android.widget.EditText - email address"), 0): Tapped on element 'Object Repository/Summary/Online/android.widget.EditText - email address'

2022-12-21 12:43:35 - [MESSAGE][WARNING] - Timeout '0' is invalid. Using default page load timeout: '30'

2022-12-21 12:43:37 - [MESSAGE][PASSED] - Tapped on element 'Object Repository/Summary/Online/android.widget.EditText - email address'

2022-12-21 12:43:37 - [TEST_STEP][PASSED] - setText(findTestObject("Object Repository/Summary/Online/android.widget.EditText"), "qe1@gmail.com", 0): Text 'qe1@gmail.com' has been set to element 'Object Repository/Summary/Online/android.widget.EditText'

2022-12-21 12:43:37 - [MESSAGE][WARNING] - Timeout '0' is invalid. Using default page load timeout: '30'

2022-12-21 12:43:38 - [MESSAGE][PASSED] - Text 'qe1@gmail.com' has been set to element 'Object Repository/Summary/Online/android.widget.EditText'

2022-12-21 12:43:38 - [TEST_STEP][PASSED] - tap(findTestObject("Object Repository/Summary/Online/android.widget.EditText - password"), 0): Tapped on element 'Object Repository/Summary/Online/android.widget.EditText - password'

2022-12-21 12:43:38 - [MESSAGE][WARNING] - Timeout '0' is invalid. Using default page load timeout: '30'

2022-12-21 12:43:39 - [MESSAGE][PASSED] - Tapped on element 'Object Repository/Summary/Online/android.widget.EditText - password'

2022-12-21 12:43:39 - [TEST_STEP][PASSED] - setText(findTestObject("Object Repository/Summary/Online/android.widget.EditText (1)"), "12344321", 0): Text '12344321' has been set to element 'Object Repository/Summary/Online/android.widget.EditText (1)'

2022-12-21 12:43:39 - [MESSAGE][WARNING] - Timeout '0' is invalid. Using default page load timeout: '30'

2022-12-21 12:43:40 - [MESSAGE][PASSED] - Text '12344321' has been set to element 'Object Repository/Summary/Online/android.widget.EditText (1)'

2022-12-21 12:43:40 - [TEST_STEP][PASSED] - hideKeyboard(): Keyboard is hidden

2022-12-21 12:43:43 - [MESSAGE][PASSED] - Keyboard is hidden

2022-12-21 12:43:43 - [TEST_STEP][PASSED] - tap(findTestObject("Object Repository/Summary/Online/android.widget.Button (1)"), 0): Tapped on element 'Object Repository/Summary/Online/android.widget.Button (1)'

2022-12-21 12:43:43 - [MESSAGE][WARNING] - Timeout '0' is invalid. Using default page load timeout: '30'

2022-12-21 12:43:44 - [MESSAGE][PASSED] - Tapped on element 'Object Repository/Summary/Online/android.widget.Button (1)'

2022-12-21 12:43:44 - [TEST_STEP][PASSED] - tap(findTestObject("Object Repository/Summary/1/android.widget.ImageView"), 0): Tapped on element 'Object Repository/Summary/1/android.widget.ImageView'

2022-12-21 12:43:45 - [MESSAGE][WARNING] - Timeout '0' is invalid. Using default page load timeout: '30'

2022-12-21 12:43:47 - [MESSAGE][PASSED] - Tapped on element 'Object Repository/Summary/1/android.widget.ImageView'

2022-12-21 12:43:47 - [TEST_STEP][PASSED] - tap(findTestObject("Object Repository/Summary/1/android.widget.EditText - Search"), 0): Tapped on element 'Object Repository/Summary/1/android.widget.EditText - Search'

2022-12-21 12:43:47 - [MESSAGE][WARNING] - Timeout '0' is invalid. Using default page load timeout: '30'

2022-12-21 12:43:47 - [MESSAGE][PASSED] - Tapped on element 'Object Repository/Summary/1/android.widget.EditText - Search'

2022-12-21 12:43:47 - [TEST_STEP][PASSED] - setText(findTestObject("Object Repository/Summary/1/android.widget.EditText"), "Zumba", 0): Text 'Zumba' has been set to element 'Object Repository/Summary/1/android.widget.EditText'

2022-12-21 12:43:47 - [MESSAGE][WARNING] - Timeout '0' is invalid. Using default page load timeout: '30'

2022-12-21 12:43:49 - [MESSAGE][PASSED] - Text 'Zumba' has been set to element 'Object Repository/Summary/1/android.widget.EditText'

2022-12-21 12:43:49 - [TEST_STEP][PASSED] - tap(findTestObject("Object Repository/Summary/1/android.view.View"), 0): Tapped on element 'Object Repository/Summary/1/android.view.View'

2022-12-21 12:43:49 - [MESSAGE][WARNING] - Timeout '0' is invalid. Using default page load timeout: '30'

2022-12-21 12:43:50 - [MESSAGE][PASSED] - Tapped on element 'Object Repository/Summary/1/android.view.View'

2022-12-21 12:43:50 - [TEST_STEP][PASSED] - verifyElementText(findTestObject("Object Repository/Summary/1/android.view.View (1)"), ""): Actual text and expected text of test object 'Object Repository/Summary/1/android.view.View (1)' are matched.

2022-12-21 12:43:51 - [MESSAGE][PASSED] - Actual text and expected text of test object 'Object Repository/Summary/1/android.view.View (1)' are matched.

2022-12-21 12:43:51 - [TEST_STEP][PASSED] - closeApplication(): Close app successfully

2022-12-21 12:43:52 - [MESSAGE][PASSED] - Close app successfully]]></system-out>
         <system-err><![CDATA[]]></system-err>
      </testcase>
      <testcase name="Test Cases/Summary/TC_Summary_04" time="40.256" classname="Test Cases/Summary/TC_Summary_04" status="PASSED">
         <system-out><![CDATA[2022-12-21 12:43:52 - [TEST_CASE][PASSED] - Test Cases/Summary/TC_Summary_04: Test Cases/Summary/TC_Summary_04

2022-12-21 12:43:53 - [TEST_STEP][PASSED] - startApplication("E:\SEMESTER 7\MBKM\Capstone Project\CICD\Aplikasi\Terbaru\app-release.apk", true): Started app at: 'E:\SEMESTER 7\MBKM\Capstone Project\CICD\Aplikasi\Terbaru\app-release.apk'

2022-12-21 12:43:53 - [MESSAGE][INFO] - Detected NodeJS location: "C:\Program Files\nodejs\node.exe"

2022-12-21 12:43:54 - [MESSAGE][INFO] - Appium server started on port 58,734

2022-12-21 12:44:13 - [MESSAGE][PASSED] - Started app at: 'E:\SEMESTER 7\MBKM\Capstone Project\CICD\Aplikasi\Terbaru\app-release.apk'

2022-12-21 12:44:13 - [TEST_STEP][PASSED] - tap(findTestObject("Object Repository/Summary/Online/android.view.View (2)"), 0): Tapped on element 'Object Repository/Summary/Online/android.view.View (2)'

2022-12-21 12:44:13 - [MESSAGE][WARNING] - Timeout '0' is invalid. Using default page load timeout: '30'

2022-12-21 12:44:16 - [MESSAGE][PASSED] - Tapped on element 'Object Repository/Summary/Online/android.view.View (2)'

2022-12-21 12:44:16 - [TEST_STEP][PASSED] - tap(findTestObject("Object Repository/Summary/Online/android.widget.EditText - email address"), 0): Tapped on element 'Object Repository/Summary/Online/android.widget.EditText - email address'

2022-12-21 12:44:16 - [MESSAGE][WARNING] - Timeout '0' is invalid. Using default page load timeout: '30'

2022-12-21 12:44:18 - [MESSAGE][PASSED] - Tapped on element 'Object Repository/Summary/Online/android.widget.EditText - email address'

2022-12-21 12:44:18 - [TEST_STEP][PASSED] - setText(findTestObject("Object Repository/Summary/Online/android.widget.EditText"), "qe1@gmail.com", 0): Text 'qe1@gmail.com' has been set to element 'Object Repository/Summary/Online/android.widget.EditText'

2022-12-21 12:44:18 - [MESSAGE][WARNING] - Timeout '0' is invalid. Using default page load timeout: '30'

2022-12-21 12:44:19 - [MESSAGE][PASSED] - Text 'qe1@gmail.com' has been set to element 'Object Repository/Summary/Online/android.widget.EditText'

2022-12-21 12:44:19 - [TEST_STEP][PASSED] - tap(findTestObject("Object Repository/Summary/Online/android.widget.EditText - password"), 0): Tapped on element 'Object Repository/Summary/Online/android.widget.EditText - password'

2022-12-21 12:44:19 - [MESSAGE][WARNING] - Timeout '0' is invalid. Using default page load timeout: '30'

2022-12-21 12:44:20 - [MESSAGE][PASSED] - Tapped on element 'Object Repository/Summary/Online/android.widget.EditText - password'

2022-12-21 12:44:20 - [TEST_STEP][PASSED] - setText(findTestObject("Object Repository/Summary/Online/android.widget.EditText (1)"), "12344321", 0): Text '12344321' has been set to element 'Object Repository/Summary/Online/android.widget.EditText (1)'

2022-12-21 12:44:20 - [MESSAGE][WARNING] - Timeout '0' is invalid. Using default page load timeout: '30'

2022-12-21 12:44:21 - [MESSAGE][PASSED] - Text '12344321' has been set to element 'Object Repository/Summary/Online/android.widget.EditText (1)'

2022-12-21 12:44:21 - [TEST_STEP][PASSED] - hideKeyboard(): Keyboard is hidden

2022-12-21 12:44:24 - [MESSAGE][PASSED] - Keyboard is hidden

2022-12-21 12:44:24 - [TEST_STEP][PASSED] - tap(findTestObject("Object Repository/Summary/Online/android.widget.Button (1)"), 0): Tapped on element 'Object Repository/Summary/Online/android.widget.Button (1)'

2022-12-21 12:44:24 - [MESSAGE][WARNING] - Timeout '0' is invalid. Using default page load timeout: '30'

2022-12-21 12:44:25 - [MESSAGE][PASSED] - Tapped on element 'Object Repository/Summary/Online/android.widget.Button (1)'

2022-12-21 12:44:25 - [TEST_STEP][PASSED] - tap(findTestObject("Object Repository/Summary/2/android.widget.ImageView"), 0): Tapped on element 'Object Repository/Summary/2/android.widget.ImageView'

2022-12-21 12:44:25 - [MESSAGE][WARNING] - Timeout '0' is invalid. Using default page load timeout: '30'

2022-12-21 12:44:28 - [MESSAGE][PASSED] - Tapped on element 'Object Repository/Summary/2/android.widget.ImageView'

2022-12-21 12:44:28 - [TEST_STEP][PASSED] - tap(findTestObject("Object Repository/Summary/2/android.view.View"), 0): Tapped on element 'Object Repository/Summary/2/android.view.View'

2022-12-21 12:44:28 - [MESSAGE][WARNING] - Timeout '0' is invalid. Using default page load timeout: '30'

2022-12-21 12:44:28 - [MESSAGE][PASSED] - Tapped on element 'Object Repository/Summary/2/android.view.View'

2022-12-21 12:44:28 - [TEST_STEP][PASSED] - tap(findTestObject("Object Repository/Summary/2/android.widget.EditText - Search"), 0): Tapped on element 'Object Repository/Summary/2/android.widget.EditText - Search'

2022-12-21 12:44:28 - [MESSAGE][WARNING] - Timeout '0' is invalid. Using default page load timeout: '30'

2022-12-21 12:44:30 - [MESSAGE][PASSED] - Tapped on element 'Object Repository/Summary/2/android.widget.EditText - Search'

2022-12-21 12:44:30 - [TEST_STEP][PASSED] - verifyElementText(findTestObject("Object Repository/Summary/2/android.view.View (1)"), ""): Actual text and expected text of test object 'Object Repository/Summary/2/android.view.View (1)' are matched.

2022-12-21 12:44:31 - [MESSAGE][PASSED] - Actual text and expected text of test object 'Object Repository/Summary/2/android.view.View (1)' are matched.

2022-12-21 12:44:31 - [TEST_STEP][PASSED] - closeApplication(): Close app successfully

2022-12-21 12:44:33 - [MESSAGE][PASSED] - Close app successfully]]></system-out>
         <system-err><![CDATA[]]></system-err>
      </testcase>
      <testcase name="Test Cases/Register/TC_Register_01" time="45.743" classname="Test Cases/Register/TC_Register_01" status="PASSED">
         <system-out><![CDATA[2022-12-21 12:44:33 - [TEST_CASE][PASSED] - Test Cases/Register/TC_Register_01: Test Cases/Register/TC_Register_01

2022-12-21 12:44:33 - [TEST_STEP][PASSED] - startApplication("E:\SEMESTER 7\MBKM\Capstone Project\CICD\Aplikasi\Terbaru\app-release.apk", true): Started app at: 'E:\SEMESTER 7\MBKM\Capstone Project\CICD\Aplikasi\Terbaru\app-release.apk'

2022-12-21 12:44:33 - [MESSAGE][INFO] - Detected NodeJS location: "C:\Program Files\nodejs\node.exe"

2022-12-21 12:44:34 - [MESSAGE][INFO] - Appium server started on port 58,882

2022-12-21 12:44:54 - [MESSAGE][PASSED] - Started app at: 'E:\SEMESTER 7\MBKM\Capstone Project\CICD\Aplikasi\Terbaru\app-release.apk'

2022-12-21 12:44:54 - [TEST_STEP][PASSED] - tap(findTestObject("Object Repository/Register/RegisterValid/android.widget.Button"), 0): Tapped on element 'Object Repository/Register/RegisterValid/android.widget.Button'

2022-12-21 12:44:54 - [MESSAGE][WARNING] - Timeout '0' is invalid. Using default page load timeout: '30'

2022-12-21 12:44:57 - [MESSAGE][PASSED] - Tapped on element 'Object Repository/Register/RegisterValid/android.widget.Button'

2022-12-21 12:44:57 - [TEST_STEP][PASSED] - tap(findTestObject("Object Repository/Register/RegisterValid/android.widget.EditText - first name"), 0): Tapped on element 'Object Repository/Register/RegisterValid/android.widget.EditText - first name'

2022-12-21 12:44:57 - [MESSAGE][WARNING] - Timeout '0' is invalid. Using default page load timeout: '30'

2022-12-21 12:44:58 - [MESSAGE][PASSED] - Tapped on element 'Object Repository/Register/RegisterValid/android.widget.EditText - first name'

2022-12-21 12:44:58 - [TEST_STEP][PASSED] - setText(findTestObject("Object Repository/Register/RegisterValid/android.widget.EditText"), "Manises", 0): Text 'Manises' has been set to element 'Object Repository/Register/RegisterValid/android.widget.EditText'

2022-12-21 12:44:58 - [MESSAGE][WARNING] - Timeout '0' is invalid. Using default page load timeout: '30'

2022-12-21 12:44:59 - [MESSAGE][PASSED] - Text 'Manises' has been set to element 'Object Repository/Register/RegisterValid/android.widget.EditText'

2022-12-21 12:44:59 - [TEST_STEP][PASSED] - tap(findTestObject("Object Repository/Register/RegisterValid/android.widget.EditText - last name"), 0): Tapped on element 'Object Repository/Register/RegisterValid/android.widget.EditText - last name'

2022-12-21 12:44:59 - [MESSAGE][WARNING] - Timeout '0' is invalid. Using default page load timeout: '30'

2022-12-21 12:45:01 - [MESSAGE][PASSED] - Tapped on element 'Object Repository/Register/RegisterValid/android.widget.EditText - last name'

2022-12-21 12:45:01 - [TEST_STEP][PASSED] - setText(findTestObject("Object Repository/Register/RegisterValid/android.widget.EditText (1)"), "Donari", 0): Text 'Donari' has been set to element 'Object Repository/Register/RegisterValid/android.widget.EditText (1)'

2022-12-21 12:45:01 - [MESSAGE][WARNING] - Timeout '0' is invalid. Using default page load timeout: '30'

2022-12-21 12:45:02 - [MESSAGE][PASSED] - Text 'Donari' has been set to element 'Object Repository/Register/RegisterValid/android.widget.EditText (1)'

2022-12-21 12:45:02 - [TEST_STEP][PASSED] - tap(findTestObject("Object Repository/Register/RegisterValid/android.widget.EditText - phone number"), 0): Tapped on element 'Object Repository/Register/RegisterValid/android.widget.EditText - phone number'

2022-12-21 12:45:02 - [MESSAGE][WARNING] - Timeout '0' is invalid. Using default page load timeout: '30'

2022-12-21 12:45:03 - [MESSAGE][PASSED] - Tapped on element 'Object Repository/Register/RegisterValid/android.widget.EditText - phone number'

2022-12-21 12:45:03 - [TEST_STEP][PASSED] - setText(findTestObject("Object Repository/Register/RegisterValid/android.widget.EditText (2)"), "081230639876", 0): Text '081230639876' has been set to element 'Object Repository/Register/RegisterValid/android.widget.EditText (2)'

2022-12-21 12:45:03 - [MESSAGE][WARNING] - Timeout '0' is invalid. Using default page load timeout: '30'

2022-12-21 12:45:04 - [MESSAGE][PASSED] - Text '081230639876' has been set to element 'Object Repository/Register/RegisterValid/android.widget.EditText (2)'

2022-12-21 12:45:04 - [TEST_STEP][PASSED] - tap(findTestObject("Object Repository/Register/RegisterValid/android.widget.EditText - new email address"), 0): Tapped on element 'Object Repository/Register/RegisterValid/android.widget.EditText - new email address'

2022-12-21 12:45:04 - [MESSAGE][WARNING] - Timeout '0' is invalid. Using default page load timeout: '30'

2022-12-21 12:45:05 - [MESSAGE][PASSED] - Tapped on element 'Object Repository/Register/RegisterValid/android.widget.EditText - new email address'

2022-12-21 12:45:05 - [TEST_STEP][PASSED] - setText(findTestObject("Object Repository/Register/RegisterValid/android.widget.EditText (3)"), "domari123@gmail.com", 0): Text 'domari123@gmail.com' has been set to element 'Object Repository/Register/RegisterValid/android.widget.EditText (3)'

2022-12-21 12:45:05 - [MESSAGE][WARNING] - Timeout '0' is invalid. Using default page load timeout: '30'

2022-12-21 12:45:06 - [MESSAGE][PASSED] - Text 'domari123@gmail.com' has been set to element 'Object Repository/Register/RegisterValid/android.widget.EditText (3)'

2022-12-21 12:45:06 - [TEST_STEP][PASSED] - tap(findTestObject("Object Repository/Register/RegisterValid/android.widget.EditText - new password"), 0): Tapped on element 'Object Repository/Register/RegisterValid/android.widget.EditText - new password'

2022-12-21 12:45:06 - [MESSAGE][WARNING] - Timeout '0' is invalid. Using default page load timeout: '30'

2022-12-21 12:45:08 - [MESSAGE][PASSED] - Tapped on element 'Object Repository/Register/RegisterValid/android.widget.EditText - new password'

2022-12-21 12:45:08 - [TEST_STEP][PASSED] - setText(findTestObject("Object Repository/Register/RegisterValid/android.widget.EditText (4)"), "testing123", 0): Text 'testing123' has been set to element 'Object Repository/Register/RegisterValid/android.widget.EditText (4)'

2022-12-21 12:45:08 - [MESSAGE][WARNING] - Timeout '0' is invalid. Using default page load timeout: '30'

2022-12-21 12:45:08 - [MESSAGE][PASSED] - Text 'testing123' has been set to element 'Object Repository/Register/RegisterValid/android.widget.EditText (4)'

2022-12-21 12:45:08 - [TEST_STEP][PASSED] - tap(findTestObject("Object Repository/Register/RegisterValid/android.widget.EditText - confirmation password"), 0): Tapped on element 'Object Repository/Register/RegisterValid/android.widget.EditText - confirmation password'

2022-12-21 12:45:08 - [MESSAGE][WARNING] - Timeout '0' is invalid. Using default page load timeout: '30'

2022-12-21 12:45:09 - [MESSAGE][PASSED] - Tapped on element 'Object Repository/Register/RegisterValid/android.widget.EditText - confirmation password'

2022-12-21 12:45:09 - [TEST_STEP][PASSED] - setText(findTestObject("Object Repository/Register/RegisterValid/android.widget.EditText (5)"), "testing123", 0): Text 'testing123' has been set to element 'Object Repository/Register/RegisterValid/android.widget.EditText (5)'

2022-12-21 12:45:09 - [MESSAGE][WARNING] - Timeout '0' is invalid. Using default page load timeout: '30'

2022-12-21 12:45:10 - [MESSAGE][PASSED] - Text 'testing123' has been set to element 'Object Repository/Register/RegisterValid/android.widget.EditText (5)'

2022-12-21 12:45:10 - [TEST_STEP][PASSED] - hideKeyboard(): Keyboard is hidden

2022-12-21 12:45:13 - [MESSAGE][PASSED] - Keyboard is hidden

2022-12-21 12:45:13 - [TEST_STEP][PASSED] - tap(findTestObject("Object Repository/Register/RegisterValid/android.widget.CheckBox"), 0): Tapped on element 'Object Repository/Register/RegisterValid/android.widget.CheckBox'

2022-12-21 12:45:13 - [MESSAGE][WARNING] - Timeout '0' is invalid. Using default page load timeout: '30'

2022-12-21 12:45:15 - [MESSAGE][PASSED] - Tapped on element 'Object Repository/Register/RegisterValid/android.widget.CheckBox'

2022-12-21 12:45:15 - [TEST_STEP][PASSED] - tap(findTestObject("Object Repository/Register/RegisterValid/android.widget.Button (1)"), 0): Tapped on element 'Object Repository/Register/RegisterValid/android.widget.Button (1)'

2022-12-21 12:45:15 - [MESSAGE][WARNING] - Timeout '0' is invalid. Using default page load timeout: '30'

2022-12-21 12:45:17 - [MESSAGE][PASSED] - Tapped on element 'Object Repository/Register/RegisterValid/android.widget.Button (1)'

2022-12-21 12:45:17 - [TEST_STEP][PASSED] - verifyElementText(findTestObject("Object Repository/Register/RegisterValid/android.view.View (1)"), ""): Actual text and expected text of test object 'Object Repository/Register/RegisterValid/android.view.View (1)' are matched.

2022-12-21 12:45:17 - [MESSAGE][PASSED] - Actual text and expected text of test object 'Object Repository/Register/RegisterValid/android.view.View (1)' are matched.

2022-12-21 12:45:17 - [TEST_STEP][PASSED] - closeApplication(): Close app successfully

2022-12-21 12:45:18 - [MESSAGE][PASSED] - Close app successfully]]></system-out>
         <system-err><![CDATA[]]></system-err>
      </testcase>
      <testcase name="Test Cases/Register/TC_Register_09" time="45.272" classname="Test Cases/Register/TC_Register_09" status="PASSED">
         <system-out><![CDATA[2022-12-21 12:45:18 - [TEST_CASE][PASSED] - Test Cases/Register/TC_Register_09: Test Cases/Register/TC_Register_09

2022-12-21 12:45:19 - [TEST_STEP][PASSED] - startApplication("E:\SEMESTER 7\MBKM\Capstone Project\CICD\Aplikasi\Terbaru\app-release.apk", true): Started app at: 'E:\SEMESTER 7\MBKM\Capstone Project\CICD\Aplikasi\Terbaru\app-release.apk'

2022-12-21 12:45:19 - [MESSAGE][INFO] - Detected NodeJS location: "C:\Program Files\nodejs\node.exe"

2022-12-21 12:45:20 - [MESSAGE][INFO] - Appium server started on port 59,028

2022-12-21 12:45:41 - [MESSAGE][PASSED] - Started app at: 'E:\SEMESTER 7\MBKM\Capstone Project\CICD\Aplikasi\Terbaru\app-release.apk'

2022-12-21 12:45:41 - [TEST_STEP][PASSED] - tap(findTestObject("Object Repository/Register/RegisterValid/android.widget.Button"), 0): Tapped on element 'Object Repository/Register/RegisterValid/android.widget.Button'

2022-12-21 12:45:41 - [MESSAGE][WARNING] - Timeout '0' is invalid. Using default page load timeout: '30'

2022-12-21 12:45:43 - [MESSAGE][PASSED] - Tapped on element 'Object Repository/Register/RegisterValid/android.widget.Button'

2022-12-21 12:45:43 - [TEST_STEP][PASSED] - tap(findTestObject("Object Repository/Register/RegisterValid/android.widget.EditText - first name"), 0): Tapped on element 'Object Repository/Register/RegisterValid/android.widget.EditText - first name'

2022-12-21 12:45:43 - [MESSAGE][WARNING] - Timeout '0' is invalid. Using default page load timeout: '30'

2022-12-21 12:45:44 - [MESSAGE][PASSED] - Tapped on element 'Object Repository/Register/RegisterValid/android.widget.EditText - first name'

2022-12-21 12:45:44 - [TEST_STEP][PASSED] - setText(findTestObject("Object Repository/Register/RegisterValid/android.widget.EditText"), "Romas", 0): Text 'Romas' has been set to element 'Object Repository/Register/RegisterValid/android.widget.EditText'

2022-12-21 12:45:44 - [MESSAGE][WARNING] - Timeout '0' is invalid. Using default page load timeout: '30'

2022-12-21 12:45:46 - [MESSAGE][PASSED] - Text 'Romas' has been set to element 'Object Repository/Register/RegisterValid/android.widget.EditText'

2022-12-21 12:45:46 - [TEST_STEP][PASSED] - tap(findTestObject("Object Repository/Register/RegisterValid/android.widget.EditText - last name"), 0): Tapped on element 'Object Repository/Register/RegisterValid/android.widget.EditText - last name'

2022-12-21 12:45:46 - [MESSAGE][WARNING] - Timeout '0' is invalid. Using default page load timeout: '30'

2022-12-21 12:45:47 - [MESSAGE][PASSED] - Tapped on element 'Object Repository/Register/RegisterValid/android.widget.EditText - last name'

2022-12-21 12:45:47 - [TEST_STEP][PASSED] - setText(findTestObject("Object Repository/Register/RegisterValid/android.widget.EditText (1)"), "Donas", 0): Text 'Donas' has been set to element 'Object Repository/Register/RegisterValid/android.widget.EditText (1)'

2022-12-21 12:45:47 - [MESSAGE][WARNING] - Timeout '0' is invalid. Using default page load timeout: '30'

2022-12-21 12:45:48 - [MESSAGE][PASSED] - Text 'Donas' has been set to element 'Object Repository/Register/RegisterValid/android.widget.EditText (1)'

2022-12-21 12:45:48 - [TEST_STEP][PASSED] - tap(findTestObject("Object Repository/Register/RegisterValid/android.widget.EditText - phone number"), 0): Tapped on element 'Object Repository/Register/RegisterValid/android.widget.EditText - phone number'

2022-12-21 12:45:48 - [MESSAGE][WARNING] - Timeout '0' is invalid. Using default page load timeout: '30'

2022-12-21 12:45:50 - [MESSAGE][PASSED] - Tapped on element 'Object Repository/Register/RegisterValid/android.widget.EditText - phone number'

2022-12-21 12:45:50 - [TEST_STEP][PASSED] - setText(findTestObject("Object Repository/Register/RegisterValid/android.widget.EditText (2)"), "081234567678", 0): Text '081234567678' has been set to element 'Object Repository/Register/RegisterValid/android.widget.EditText (2)'

2022-12-21 12:45:50 - [MESSAGE][WARNING] - Timeout '0' is invalid. Using default page load timeout: '30'

2022-12-21 12:45:50 - [MESSAGE][PASSED] - Text '081234567678' has been set to element 'Object Repository/Register/RegisterValid/android.widget.EditText (2)'

2022-12-21 12:45:50 - [TEST_STEP][PASSED] - tap(findTestObject("Object Repository/Register/RegisterValid/android.widget.EditText - new email address"), 0): Tapped on element 'Object Repository/Register/RegisterValid/android.widget.EditText - new email address'

2022-12-21 12:45:50 - [MESSAGE][WARNING] - Timeout '0' is invalid. Using default page load timeout: '30'

2022-12-21 12:45:51 - [MESSAGE][PASSED] - Tapped on element 'Object Repository/Register/RegisterValid/android.widget.EditText - new email address'

2022-12-21 12:45:51 - [TEST_STEP][PASSED] - setText(findTestObject("Object Repository/Register/RegisterValid/android.widget.EditText (3)"), "roma123", 0): Text 'roma123' has been set to element 'Object Repository/Register/RegisterValid/android.widget.EditText (3)'

2022-12-21 12:45:51 - [MESSAGE][WARNING] - Timeout '0' is invalid. Using default page load timeout: '30'

2022-12-21 12:45:52 - [MESSAGE][PASSED] - Text 'roma123' has been set to element 'Object Repository/Register/RegisterValid/android.widget.EditText (3)'

2022-12-21 12:45:52 - [TEST_STEP][PASSED] - tap(findTestObject("Object Repository/Register/RegisterValid/android.widget.EditText - new password"), 0): Tapped on element 'Object Repository/Register/RegisterValid/android.widget.EditText - new password'

2022-12-21 12:45:52 - [MESSAGE][WARNING] - Timeout '0' is invalid. Using default page load timeout: '30'

2022-12-21 12:45:53 - [MESSAGE][PASSED] - Tapped on element 'Object Repository/Register/RegisterValid/android.widget.EditText - new password'

2022-12-21 12:45:53 - [TEST_STEP][PASSED] - setText(findTestObject("Object Repository/Register/RegisterValid/android.widget.EditText (4)"), "testing123", 0): Text 'testing123' has been set to element 'Object Repository/Register/RegisterValid/android.widget.EditText (4)'

2022-12-21 12:45:53 - [MESSAGE][WARNING] - Timeout '0' is invalid. Using default page load timeout: '30'

2022-12-21 12:45:54 - [MESSAGE][PASSED] - Text 'testing123' has been set to element 'Object Repository/Register/RegisterValid/android.widget.EditText (4)'

2022-12-21 12:45:54 - [TEST_STEP][PASSED] - tap(findTestObject("Object Repository/Register/RegisterValid/android.widget.EditText - confirmation password"), 0): Tapped on element 'Object Repository/Register/RegisterValid/android.widget.EditText - confirmation password'

2022-12-21 12:45:54 - [MESSAGE][WARNING] - Timeout '0' is invalid. Using default page load timeout: '30'

2022-12-21 12:45:56 - [MESSAGE][PASSED] - Tapped on element 'Object Repository/Register/RegisterValid/android.widget.EditText - confirmation password'

2022-12-21 12:45:56 - [TEST_STEP][PASSED] - setText(findTestObject("Object Repository/Register/RegisterValid/android.widget.EditText (5)"), "testing123", 0): Text 'testing123' has been set to element 'Object Repository/Register/RegisterValid/android.widget.EditText (5)'

2022-12-21 12:45:56 - [MESSAGE][WARNING] - Timeout '0' is invalid. Using default page load timeout: '30'

2022-12-21 12:45:56 - [MESSAGE][PASSED] - Text 'testing123' has been set to element 'Object Repository/Register/RegisterValid/android.widget.EditText (5)'

2022-12-21 12:45:56 - [TEST_STEP][PASSED] - hideKeyboard(): Keyboard is hidden

2022-12-21 12:45:59 - [MESSAGE][PASSED] - Keyboard is hidden

2022-12-21 12:45:59 - [TEST_STEP][PASSED] - tap(findTestObject("Object Repository/Register/RegisterValid/android.widget.CheckBox"), 0): Tapped on element 'Object Repository/Register/RegisterValid/android.widget.CheckBox'

2022-12-21 12:45:59 - [MESSAGE][WARNING] - Timeout '0' is invalid. Using default page load timeout: '30'

2022-12-21 12:46:00 - [MESSAGE][PASSED] - Tapped on element 'Object Repository/Register/RegisterValid/android.widget.CheckBox'

2022-12-21 12:46:00 - [TEST_STEP][PASSED] - tap(findTestObject("Object Repository/Register/RegisterValid/android.widget.Button (1)"), 0): Tapped on element 'Object Repository/Register/RegisterValid/android.widget.Button (1)'

2022-12-21 12:46:00 - [MESSAGE][WARNING] - Timeout '0' is invalid. Using default page load timeout: '30'

2022-12-21 12:46:02 - [MESSAGE][PASSED] - Tapped on element 'Object Repository/Register/RegisterValid/android.widget.Button (1)'

2022-12-21 12:46:02 - [TEST_STEP][PASSED] - verifyElementText(findTestObject("Register/RegisterInvalid/android.view.View (5)"), ""): Actual text and expected text of test object 'Object Repository/Register/RegisterInvalid/android.view.View (5)' are matched.

2022-12-21 12:46:02 - [MESSAGE][PASSED] - Actual text and expected text of test object 'Object Repository/Register/RegisterInvalid/android.view.View (5)' are matched.

2022-12-21 12:46:02 - [TEST_STEP][PASSED] - closeApplication(): Close app successfully

2022-12-21 12:46:04 - [MESSAGE][PASSED] - Close app successfully]]></system-out>
         <system-err><![CDATA[]]></system-err>
      </testcase>
      <testcase name="Test Cases/Register/TC_Register_10" time="43.972" classname="Test Cases/Register/TC_Register_10" status="PASSED">
         <system-out><![CDATA[2022-12-21 12:46:04 - [TEST_CASE][PASSED] - Test Cases/Register/TC_Register_10: Test Cases/Register/TC_Register_10

2022-12-21 12:46:04 - [TEST_STEP][PASSED] - startApplication("E:\SEMESTER 7\MBKM\Capstone Project\CICD\Aplikasi\Terbaru\app-release.apk", true): Started app at: 'E:\SEMESTER 7\MBKM\Capstone Project\CICD\Aplikasi\Terbaru\app-release.apk'

2022-12-21 12:46:04 - [MESSAGE][INFO] - Detected NodeJS location: "C:\Program Files\nodejs\node.exe"

2022-12-21 12:46:05 - [MESSAGE][INFO] - Appium server started on port 59,175

2022-12-21 12:46:25 - [MESSAGE][PASSED] - Started app at: 'E:\SEMESTER 7\MBKM\Capstone Project\CICD\Aplikasi\Terbaru\app-release.apk'

2022-12-21 12:46:25 - [TEST_STEP][PASSED] - tap(findTestObject("Object Repository/Register/RegisterValid/android.widget.Button"), 0): Tapped on element 'Object Repository/Register/RegisterValid/android.widget.Button'

2022-12-21 12:46:25 - [MESSAGE][WARNING] - Timeout '0' is invalid. Using default page load timeout: '30'

2022-12-21 12:46:28 - [MESSAGE][PASSED] - Tapped on element 'Object Repository/Register/RegisterValid/android.widget.Button'

2022-12-21 12:46:28 - [TEST_STEP][PASSED] - tap(findTestObject("Object Repository/Register/RegisterValid/android.widget.EditText - first name"), 0): Tapped on element 'Object Repository/Register/RegisterValid/android.widget.EditText - first name'

2022-12-21 12:46:28 - [MESSAGE][WARNING] - Timeout '0' is invalid. Using default page load timeout: '30'

2022-12-21 12:46:28 - [MESSAGE][PASSED] - Tapped on element 'Object Repository/Register/RegisterValid/android.widget.EditText - first name'

2022-12-21 12:46:28 - [TEST_STEP][PASSED] - setText(findTestObject("Object Repository/Register/RegisterValid/android.widget.EditText"), "Romas", 0): Text 'Romas' has been set to element 'Object Repository/Register/RegisterValid/android.widget.EditText'

2022-12-21 12:46:28 - [MESSAGE][WARNING] - Timeout '0' is invalid. Using default page load timeout: '30'

2022-12-21 12:46:30 - [MESSAGE][PASSED] - Text 'Romas' has been set to element 'Object Repository/Register/RegisterValid/android.widget.EditText'

2022-12-21 12:46:30 - [TEST_STEP][PASSED] - tap(findTestObject("Object Repository/Register/RegisterValid/android.widget.EditText - last name"), 0): Tapped on element 'Object Repository/Register/RegisterValid/android.widget.EditText - last name'

2022-12-21 12:46:30 - [MESSAGE][WARNING] - Timeout '0' is invalid. Using default page load timeout: '30'

2022-12-21 12:46:31 - [MESSAGE][PASSED] - Tapped on element 'Object Repository/Register/RegisterValid/android.widget.EditText - last name'

2022-12-21 12:46:31 - [TEST_STEP][PASSED] - setText(findTestObject("Object Repository/Register/RegisterValid/android.widget.EditText (1)"), "Donas", 0): Text 'Donas' has been set to element 'Object Repository/Register/RegisterValid/android.widget.EditText (1)'

2022-12-21 12:46:31 - [MESSAGE][WARNING] - Timeout '0' is invalid. Using default page load timeout: '30'

2022-12-21 12:46:32 - [MESSAGE][PASSED] - Text 'Donas' has been set to element 'Object Repository/Register/RegisterValid/android.widget.EditText (1)'

2022-12-21 12:46:32 - [TEST_STEP][PASSED] - tap(findTestObject("Object Repository/Register/RegisterValid/android.widget.EditText - phone number"), 0): Tapped on element 'Object Repository/Register/RegisterValid/android.widget.EditText - phone number'

2022-12-21 12:46:32 - [MESSAGE][WARNING] - Timeout '0' is invalid. Using default page load timeout: '30'

2022-12-21 12:46:33 - [MESSAGE][PASSED] - Tapped on element 'Object Repository/Register/RegisterValid/android.widget.EditText - phone number'

2022-12-21 12:46:33 - [TEST_STEP][PASSED] - setText(findTestObject("Object Repository/Register/RegisterValid/android.widget.EditText (2)"), "081234567678", 0): Text '081234567678' has been set to element 'Object Repository/Register/RegisterValid/android.widget.EditText (2)'

2022-12-21 12:46:33 - [MESSAGE][WARNING] - Timeout '0' is invalid. Using default page load timeout: '30'

2022-12-21 12:46:34 - [MESSAGE][PASSED] - Text '081234567678' has been set to element 'Object Repository/Register/RegisterValid/android.widget.EditText (2)'

2022-12-21 12:46:34 - [TEST_STEP][PASSED] - tap(findTestObject("Object Repository/Register/RegisterValid/android.widget.EditText - new email address"), 0): Tapped on element 'Object Repository/Register/RegisterValid/android.widget.EditText - new email address'

2022-12-21 12:46:34 - [MESSAGE][WARNING] - Timeout '0' is invalid. Using default page load timeout: '30'

2022-12-21 12:46:35 - [MESSAGE][PASSED] - Tapped on element 'Object Repository/Register/RegisterValid/android.widget.EditText - new email address'

2022-12-21 12:46:35 - [TEST_STEP][PASSED] - setText(findTestObject("Object Repository/Register/RegisterValid/android.widget.EditText (3)"), "roma1234@gmail.com", 0): Text 'roma1234@gmail.com' has been set to element 'Object Repository/Register/RegisterValid/android.widget.EditText (3)'

2022-12-21 12:46:35 - [MESSAGE][WARNING] - Timeout '0' is invalid. Using default page load timeout: '30'

2022-12-21 12:46:36 - [MESSAGE][PASSED] - Text 'roma1234@gmail.com' has been set to element 'Object Repository/Register/RegisterValid/android.widget.EditText (3)'

2022-12-21 12:46:36 - [TEST_STEP][PASSED] - tap(findTestObject("Object Repository/Register/RegisterValid/android.widget.EditText - new password"), 0): Tapped on element 'Object Repository/Register/RegisterValid/android.widget.EditText - new password'

2022-12-21 12:46:36 - [MESSAGE][WARNING] - Timeout '0' is invalid. Using default page load timeout: '30'

2022-12-21 12:46:37 - [MESSAGE][PASSED] - Tapped on element 'Object Repository/Register/RegisterValid/android.widget.EditText - new password'

2022-12-21 12:46:37 - [TEST_STEP][PASSED] - setText(findTestObject("Object Repository/Register/RegisterValid/android.widget.EditText (4)"), "testing", 0): Text 'testing' has been set to element 'Object Repository/Register/RegisterValid/android.widget.EditText (4)'

2022-12-21 12:46:37 - [MESSAGE][WARNING] - Timeout '0' is invalid. Using default page load timeout: '30'

2022-12-21 12:46:38 - [MESSAGE][PASSED] - Text 'testing' has been set to element 'Object Repository/Register/RegisterValid/android.widget.EditText (4)'

2022-12-21 12:46:38 - [TEST_STEP][PASSED] - tap(findTestObject("Object Repository/Register/RegisterValid/android.widget.EditText - confirmation password"), 0): Tapped on element 'Object Repository/Register/RegisterValid/android.widget.EditText - confirmation password'

2022-12-21 12:46:38 - [MESSAGE][WARNING] - Timeout '0' is invalid. Using default page load timeout: '30'

2022-12-21 12:46:40 - [MESSAGE][PASSED] - Tapped on element 'Object Repository/Register/RegisterValid/android.widget.EditText - confirmation password'

2022-12-21 12:46:40 - [TEST_STEP][PASSED] - setText(findTestObject("Object Repository/Register/RegisterValid/android.widget.EditText (5)"), "testing123", 0): Text 'testing123' has been set to element 'Object Repository/Register/RegisterValid/android.widget.EditText (5)'

2022-12-21 12:46:40 - [MESSAGE][WARNING] - Timeout '0' is invalid. Using default page load timeout: '30'

2022-12-21 12:46:40 - [MESSAGE][PASSED] - Text 'testing123' has been set to element 'Object Repository/Register/RegisterValid/android.widget.EditText (5)'

2022-12-21 12:46:40 - [TEST_STEP][PASSED] - hideKeyboard(): Keyboard is hidden

2022-12-21 12:46:43 - [MESSAGE][PASSED] - Keyboard is hidden

2022-12-21 12:46:43 - [TEST_STEP][PASSED] - tap(findTestObject("Object Repository/Register/RegisterValid/android.widget.CheckBox"), 0): Tapped on element 'Object Repository/Register/RegisterValid/android.widget.CheckBox'

2022-12-21 12:46:43 - [MESSAGE][WARNING] - Timeout '0' is invalid. Using default page load timeout: '30'

2022-12-21 12:46:45 - [MESSAGE][PASSED] - Tapped on element 'Object Repository/Register/RegisterValid/android.widget.CheckBox'

2022-12-21 12:46:45 - [TEST_STEP][PASSED] - tap(findTestObject("Object Repository/Register/RegisterValid/android.widget.Button (1)"), 0): Tapped on element 'Object Repository/Register/RegisterValid/android.widget.Button (1)'

2022-12-21 12:46:45 - [MESSAGE][WARNING] - Timeout '0' is invalid. Using default page load timeout: '30'

2022-12-21 12:46:46 - [MESSAGE][PASSED] - Tapped on element 'Object Repository/Register/RegisterValid/android.widget.Button (1)'

2022-12-21 12:46:46 - [TEST_STEP][PASSED] - verifyElementText(findTestObject("Register/RegisterInvalid/android.view.View (4)"), ""): Actual text and expected text of test object 'Object Repository/Register/RegisterInvalid/android.view.View (4)' are matched.

2022-12-21 12:46:46 - [MESSAGE][PASSED] - Actual text and expected text of test object 'Object Repository/Register/RegisterInvalid/android.view.View (4)' are matched.

2022-12-21 12:46:46 - [TEST_STEP][PASSED] - closeApplication(): Close app successfully

2022-12-21 12:46:48 - [MESSAGE][PASSED] - Close app successfully]]></system-out>
         <system-err><![CDATA[]]></system-err>
      </testcase>
      <testcase name="Test Cases/Login/TC_Login_01" time="36.199" classname="Test Cases/Login/TC_Login_01" status="PASSED">
         <system-out><![CDATA[2022-12-21 12:46:48 - [TEST_CASE][PASSED] - Test Cases/Login/TC_Login_01: Test Cases/Login/TC_Login_01

2022-12-21 12:46:48 - [TEST_STEP][PASSED] - startApplication("E:\SEMESTER 7\MBKM\Capstone Project\CICD\Aplikasi\Terbaru\app-release.apk", true): Started app at: 'E:\SEMESTER 7\MBKM\Capstone Project\CICD\Aplikasi\Terbaru\app-release.apk'

2022-12-21 12:46:48 - [MESSAGE][INFO] - Detected NodeJS location: "C:\Program Files\nodejs\node.exe"

2022-12-21 12:46:49 - [MESSAGE][INFO] - Appium server started on port 59,317

2022-12-21 12:47:08 - [MESSAGE][PASSED] - Started app at: 'E:\SEMESTER 7\MBKM\Capstone Project\CICD\Aplikasi\Terbaru\app-release.apk'

2022-12-21 12:47:08 - [TEST_STEP][PASSED] - tap(findTestObject("Object Repository/LogoutValid/1/android.view.View"), 0): Tapped on element 'Object Repository/LogoutValid/1/android.view.View'

2022-12-21 12:47:09 - [MESSAGE][WARNING] - Timeout '0' is invalid. Using default page load timeout: '30'

2022-12-21 12:47:11 - [MESSAGE][PASSED] - Tapped on element 'Object Repository/LogoutValid/1/android.view.View'

2022-12-21 12:47:11 - [TEST_STEP][PASSED] - tap(findTestObject("Object Repository/LogoutValid/1/android.widget.EditText - email address"), 0): Tapped on element 'Object Repository/LogoutValid/1/android.widget.EditText - email address'

2022-12-21 12:47:11 - [MESSAGE][WARNING] - Timeout '0' is invalid. Using default page load timeout: '30'

2022-12-21 12:47:13 - [MESSAGE][PASSED] - Tapped on element 'Object Repository/LogoutValid/1/android.widget.EditText - email address'

2022-12-21 12:47:13 - [TEST_STEP][PASSED] - setText(findTestObject("Object Repository/LogoutValid/1/android.widget.EditText"), "qe1@gmail.com", 0): Text 'qe1@gmail.com' has been set to element 'Object Repository/LogoutValid/1/android.widget.EditText'

2022-12-21 12:47:13 - [MESSAGE][WARNING] - Timeout '0' is invalid. Using default page load timeout: '30'

2022-12-21 12:47:14 - [MESSAGE][PASSED] - Text 'qe1@gmail.com' has been set to element 'Object Repository/LogoutValid/1/android.widget.EditText'

2022-12-21 12:47:14 - [TEST_STEP][PASSED] - tap(findTestObject("Object Repository/LogoutValid/1/android.widget.EditText - password"), 0): Tapped on element 'Object Repository/LogoutValid/1/android.widget.EditText - password'

2022-12-21 12:47:14 - [MESSAGE][WARNING] - Timeout '0' is invalid. Using default page load timeout: '30'

2022-12-21 12:47:16 - [MESSAGE][PASSED] - Tapped on element 'Object Repository/LogoutValid/1/android.widget.EditText - password'

2022-12-21 12:47:16 - [TEST_STEP][PASSED] - setText(findTestObject("Object Repository/LogoutValid/1/android.widget.EditText (1)"), "12344321", 0): Text '12344321' has been set to element 'Object Repository/LogoutValid/1/android.widget.EditText (1)'

2022-12-21 12:47:16 - [MESSAGE][WARNING] - Timeout '0' is invalid. Using default page load timeout: '30'

2022-12-21 12:47:16 - [MESSAGE][PASSED] - Text '12344321' has been set to element 'Object Repository/LogoutValid/1/android.widget.EditText (1)'

2022-12-21 12:47:16 - [TEST_STEP][PASSED] - hideKeyboard(): Keyboard is hidden

2022-12-21 12:47:19 - [MESSAGE][PASSED] - Keyboard is hidden

2022-12-21 12:47:19 - [TEST_STEP][PASSED] - tap(findTestObject("Object Repository/LogoutValid/1/android.widget.Button"), 0): Tapped on element 'Object Repository/LogoutValid/1/android.widget.Button'

2022-12-21 12:47:19 - [MESSAGE][WARNING] - Timeout '0' is invalid. Using default page load timeout: '30'

2022-12-21 12:47:21 - [MESSAGE][PASSED] - Tapped on element 'Object Repository/LogoutValid/1/android.widget.Button'

2022-12-21 12:47:21 - [TEST_STEP][PASSED] - verifyElementText(findTestObject("Object Repository/LogoutValid/1/android.view.View (1)"), ""): Actual text and expected text of test object 'Object Repository/LogoutValid/1/android.view.View (1)' are matched.

2022-12-21 12:47:22 - [MESSAGE][PASSED] - Actual text and expected text of test object 'Object Repository/LogoutValid/1/android.view.View (1)' are matched.

2022-12-21 12:47:22 - [TEST_STEP][PASSED] - closeApplication(): Close app successfully

2022-12-21 12:47:24 - [MESSAGE][PASSED] - Close app successfully]]></system-out>
         <system-err><![CDATA[]]></system-err>
      </testcase>
      <testcase name="Test Cases/Logout/TC_Logout" time="42.409" classname="Test Cases/Logout/TC_Logout" status="PASSED">
         <system-out><![CDATA[2022-12-21 12:47:24 - [TEST_CASE][PASSED] - Test Cases/Logout/TC_Logout: Test Cases/Logout/TC_Logout

2022-12-21 12:47:24 - [TEST_STEP][PASSED] - startApplication("E:\SEMESTER 7\MBKM\Capstone Project\CICD\Aplikasi\Terbaru\app-release.apk", true): Started app at: 'E:\SEMESTER 7\MBKM\Capstone Project\CICD\Aplikasi\Terbaru\app-release.apk'

2022-12-21 12:47:24 - [MESSAGE][INFO] - Detected NodeJS location: "C:\Program Files\nodejs\node.exe"

2022-12-21 12:47:27 - [MESSAGE][INFO] - Appium server started on port 59,472

2022-12-21 12:47:49 - [MESSAGE][PASSED] - Started app at: 'E:\SEMESTER 7\MBKM\Capstone Project\CICD\Aplikasi\Terbaru\app-release.apk'

2022-12-21 12:47:49 - [TEST_STEP][PASSED] - tap(findTestObject("Object Repository/LogoutValid/android.view.View"), 0): Tapped on element 'Object Repository/LogoutValid/android.view.View'

2022-12-21 12:47:49 - [MESSAGE][WARNING] - Timeout '0' is invalid. Using default page load timeout: '30'

2022-12-21 12:47:51 - [MESSAGE][PASSED] - Tapped on element 'Object Repository/LogoutValid/android.view.View'

2022-12-21 12:47:51 - [TEST_STEP][PASSED] - tap(findTestObject("Object Repository/LogoutValid/android.widget.EditText - email address"), 0): Tapped on element 'Object Repository/LogoutValid/android.widget.EditText - email address'

2022-12-21 12:47:51 - [MESSAGE][WARNING] - Timeout '0' is invalid. Using default page load timeout: '30'

2022-12-21 12:47:52 - [MESSAGE][PASSED] - Tapped on element 'Object Repository/LogoutValid/android.widget.EditText - email address'

2022-12-21 12:47:52 - [TEST_STEP][PASSED] - setText(findTestObject("Object Repository/LogoutValid/android.widget.EditText"), "qe1@gmail.com", 0): Text 'qe1@gmail.com' has been set to element 'Object Repository/LogoutValid/android.widget.EditText'

2022-12-21 12:47:53 - [MESSAGE][WARNING] - Timeout '0' is invalid. Using default page load timeout: '30'

2022-12-21 12:47:54 - [MESSAGE][PASSED] - Text 'qe1@gmail.com' has been set to element 'Object Repository/LogoutValid/android.widget.EditText'

2022-12-21 12:47:54 - [TEST_STEP][PASSED] - tap(findTestObject("Object Repository/LogoutValid/android.widget.EditText - password"), 0): Tapped on element 'Object Repository/LogoutValid/android.widget.EditText - password'

2022-12-21 12:47:54 - [MESSAGE][WARNING] - Timeout '0' is invalid. Using default page load timeout: '30'

2022-12-21 12:47:56 - [MESSAGE][PASSED] - Tapped on element 'Object Repository/LogoutValid/android.widget.EditText - password'

2022-12-21 12:47:56 - [TEST_STEP][PASSED] - setText(findTestObject("Object Repository/LogoutValid/android.widget.EditText (1)"), "12344321", 0): Text '12344321' has been set to element 'Object Repository/LogoutValid/android.widget.EditText (1)'

2022-12-21 12:47:56 - [MESSAGE][WARNING] - Timeout '0' is invalid. Using default page load timeout: '30'

2022-12-21 12:47:56 - [MESSAGE][PASSED] - Text '12344321' has been set to element 'Object Repository/LogoutValid/android.widget.EditText (1)'

2022-12-21 12:47:56 - [TEST_STEP][PASSED] - hideKeyboard(): Keyboard is hidden

2022-12-21 12:47:59 - [MESSAGE][PASSED] - Keyboard is hidden

2022-12-21 12:47:59 - [TEST_STEP][PASSED] - tap(findTestObject("Object Repository/LogoutValid/android.widget.Button"), 0): Tapped on element 'Object Repository/LogoutValid/android.widget.Button'

2022-12-21 12:48:00 - [MESSAGE][WARNING] - Timeout '0' is invalid. Using default page load timeout: '30'

2022-12-21 12:48:00 - [MESSAGE][PASSED] - Tapped on element 'Object Repository/LogoutValid/android.widget.Button'

2022-12-21 12:48:00 - [TEST_STEP][PASSED] - tap(findTestObject("Object Repository/LogoutValid/android.widget.ImageView"), 0): Tapped on element 'Object Repository/LogoutValid/android.widget.ImageView'

2022-12-21 12:48:00 - [MESSAGE][WARNING] - Timeout '0' is invalid. Using default page load timeout: '30'

2022-12-21 12:48:03 - [MESSAGE][PASSED] - Tapped on element 'Object Repository/LogoutValid/android.widget.ImageView'

2022-12-21 12:48:03 - [TEST_STEP][PASSED] - tap(findTestObject("Object Repository/LogoutValid/android.widget.ImageView (1)"), 0): Tapped on element 'Object Repository/LogoutValid/android.widget.ImageView (1)'

2022-12-21 12:48:03 - [MESSAGE][WARNING] - Timeout '0' is invalid. Using default page load timeout: '30'

2022-12-21 12:48:04 - [MESSAGE][PASSED] - Tapped on element 'Object Repository/LogoutValid/android.widget.ImageView (1)'

2022-12-21 12:48:04 - [TEST_STEP][PASSED] - verifyElementText(findTestObject("Object Repository/LogoutValid/android.view.View (1)"), ""): Actual text and expected text of test object 'Object Repository/LogoutValid/android.view.View (1)' are matched.

2022-12-21 12:48:05 - [MESSAGE][PASSED] - Actual text and expected text of test object 'Object Repository/LogoutValid/android.view.View (1)' are matched.

2022-12-21 12:48:05 - [TEST_STEP][PASSED] - closeApplication(): Close app successfully

2022-12-21 12:48:06 - [MESSAGE][PASSED] - Close app successfully]]></system-out>
         <system-err><![CDATA[]]></system-err>
      </testcase>
      <testcase name="Test Cases/ForgetPassword/TC_Forget_01" time="36.552" classname="Test Cases/ForgetPassword/TC_Forget_01" status="PASSED">
         <system-out><![CDATA[2022-12-21 12:48:06 - [TEST_CASE][PASSED] - Test Cases/ForgetPassword/TC_Forget_01: Test Cases/ForgetPassword/TC_Forget_01

2022-12-21 12:48:06 - [TEST_STEP][PASSED] - startApplication("E:\SEMESTER 7\MBKM\Capstone Project\CICD\Aplikasi\Terbaru\app-release.apk", true): Started app at: 'E:\SEMESTER 7\MBKM\Capstone Project\CICD\Aplikasi\Terbaru\app-release.apk'

2022-12-21 12:48:07 - [MESSAGE][INFO] - Detected NodeJS location: "C:\Program Files\nodejs\node.exe"

2022-12-21 12:48:08 - [MESSAGE][INFO] - Appium server started on port 59,624

2022-12-21 12:48:30 - [MESSAGE][PASSED] - Started app at: 'E:\SEMESTER 7\MBKM\Capstone Project\CICD\Aplikasi\Terbaru\app-release.apk'

2022-12-21 12:48:30 - [TEST_STEP][PASSED] - tap(findTestObject("Object Repository/Forget Password/android.view.View"), 0): Tapped on element 'Object Repository/Forget Password/android.view.View'

2022-12-21 12:48:31 - [MESSAGE][WARNING] - Timeout '0' is invalid. Using default page load timeout: '30'

2022-12-21 12:48:32 - [MESSAGE][PASSED] - Tapped on element 'Object Repository/Forget Password/android.view.View'

2022-12-21 12:48:32 - [TEST_STEP][PASSED] - tap(findTestObject("Object Repository/Forget Password/android.view.View (1)"), 0): Tapped on element 'Object Repository/Forget Password/android.view.View (1)'

2022-12-21 12:48:33 - [MESSAGE][WARNING] - Timeout '0' is invalid. Using default page load timeout: '30'

2022-12-21 12:48:33 - [MESSAGE][PASSED] - Tapped on element 'Object Repository/Forget Password/android.view.View (1)'

2022-12-21 12:48:33 - [TEST_STEP][PASSED] - tap(findTestObject("Object Repository/Forget Password/android.widget.EditText - email address"), 0): Tapped on element 'Object Repository/Forget Password/android.widget.EditText - email address'

2022-12-21 12:48:33 - [MESSAGE][WARNING] - Timeout '0' is invalid. Using default page load timeout: '30'

2022-12-21 12:48:35 - [MESSAGE][PASSED] - Tapped on element 'Object Repository/Forget Password/android.widget.EditText - email address'

2022-12-21 12:48:35 - [TEST_STEP][PASSED] - setText(findTestObject("Object Repository/Forget Password/android.widget.EditText"), "cynthia.pardede.17@gmail.com", 0): Text 'cynthia.pardede.17@gmail.com' has been set to element 'Object Repository/Forget Password/android.widget.EditText'

2022-12-21 12:48:35 - [MESSAGE][WARNING] - Timeout '0' is invalid. Using default page load timeout: '30'

2022-12-21 12:48:36 - [MESSAGE][PASSED] - Text 'cynthia.pardede.17@gmail.com' has been set to element 'Object Repository/Forget Password/android.widget.EditText'

2022-12-21 12:48:36 - [TEST_STEP][PASSED] - hideKeyboard(): Keyboard is hidden

2022-12-21 12:48:39 - [MESSAGE][PASSED] - Keyboard is hidden

2022-12-21 12:48:39 - [TEST_STEP][PASSED] - tap(findTestObject("Object Repository/Forget Password/android.widget.Button"), 0): Tapped on element 'Object Repository/Forget Password/android.widget.Button'

2022-12-21 12:48:39 - [MESSAGE][WARNING] - Timeout '0' is invalid. Using default page load timeout: '30'

2022-12-21 12:48:41 - [MESSAGE][PASSED] - Tapped on element 'Object Repository/Forget Password/android.widget.Button'

2022-12-21 12:48:41 - [TEST_STEP][PASSED] - tap(findTestObject("Object Repository/Forget Password/android.view.View (2)"), 0): Tapped on element 'Object Repository/Forget Password/android.view.View (2)'

2022-12-21 12:48:41 - [MESSAGE][WARNING] - Timeout '0' is invalid. Using default page load timeout: '30'

2022-12-21 12:48:41 - [MESSAGE][PASSED] - Tapped on element 'Object Repository/Forget Password/android.view.View (2)'

2022-12-21 12:48:41 - [TEST_STEP][PASSED] - closeApplication(): Close app successfully

2022-12-21 12:48:43 - [MESSAGE][PASSED] - Close app successfully]]></system-out>
         <system-err><![CDATA[]]></system-err>
      </testcase>
      <testcase name="Test Cases/Explore/TC_Explore_01" time="0.204" classname="Test Cases/Explore/TC_Explore_01" status="PASSED">
         <system-out><![CDATA[2022-12-21 12:48:43 - [TEST_CASE][PASSED] - Test Cases/Explore/TC_Explore_01: Test Cases/Explore/TC_Explore_01

2022-12-21 12:48:43 - [TEST_STEP][PASSED] - return null: null]]></system-out>
         <system-err><![CDATA[]]></system-err>
      </testcase>
      <testcase name="Test Cases/Booking/Booking" time="95.449" classname="Test Cases/Booking/Booking" status="PASSED">
         <system-out><![CDATA[2022-12-21 12:48:43 - [TEST_CASE][PASSED] - Test Cases/Booking/Booking: Test Cases/Booking/Booking

2022-12-21 12:48:43 - [TEST_STEP][PASSED] - startApplication("E:\SEMESTER 7\MBKM\Capstone Project\CICD\Aplikasi\Terbaru\app-release.apk", true): Started app at: 'E:\SEMESTER 7\MBKM\Capstone Project\CICD\Aplikasi\Terbaru\app-release.apk'

2022-12-21 12:48:43 - [MESSAGE][INFO] - Detected NodeJS location: "C:\Program Files\nodejs\node.exe"

2022-12-21 12:48:44 - [MESSAGE][INFO] - Appium server started on port 59,766

2022-12-21 12:49:04 - [MESSAGE][PASSED] - Started app at: 'E:\SEMESTER 7\MBKM\Capstone Project\CICD\Aplikasi\Terbaru\app-release.apk'

2022-12-21 12:49:04 - [TEST_STEP][PASSED] - tap(findTestObject("Object Repository/BookingOffline/Book5/android.view.View"), 0): Tapped on element 'Object Repository/BookingOffline/Book5/android.view.View'

2022-12-21 12:49:04 - [MESSAGE][WARNING] - Timeout '0' is invalid. Using default page load timeout: '30'

2022-12-21 12:49:06 - [MESSAGE][PASSED] - Tapped on element 'Object Repository/BookingOffline/Book5/android.view.View'

2022-12-21 12:49:06 - [TEST_STEP][PASSED] - tap(findTestObject("Object Repository/BookingOffline/Book5/android.widget.EditText - email address"), 0): Tapped on element 'Object Repository/BookingOffline/Book5/android.widget.EditText - email address'

2022-12-21 12:49:07 - [MESSAGE][WARNING] - Timeout '0' is invalid. Using default page load timeout: '30'

2022-12-21 12:49:09 - [MESSAGE][PASSED] - Tapped on element 'Object Repository/BookingOffline/Book5/android.widget.EditText - email address'

2022-12-21 12:49:09 - [TEST_STEP][PASSED] - setText(findTestObject("Object Repository/BookingOffline/Book5/android.widget.EditText"), "qe1@gmail.com", 0): Text 'qe1@gmail.com' has been set to element 'Object Repository/BookingOffline/Book5/android.widget.EditText'

2022-12-21 12:49:09 - [MESSAGE][WARNING] - Timeout '0' is invalid. Using default page load timeout: '30'

2022-12-21 12:49:10 - [MESSAGE][PASSED] - Text 'qe1@gmail.com' has been set to element 'Object Repository/BookingOffline/Book5/android.widget.EditText'

2022-12-21 12:49:10 - [TEST_STEP][PASSED] - tap(findTestObject("Object Repository/BookingOffline/Book5/android.widget.EditText - password"), 0): Tapped on element 'Object Repository/BookingOffline/Book5/android.widget.EditText - password'

2022-12-21 12:49:10 - [MESSAGE][WARNING] - Timeout '0' is invalid. Using default page load timeout: '30'

2022-12-21 12:49:10 - [MESSAGE][PASSED] - Tapped on element 'Object Repository/BookingOffline/Book5/android.widget.EditText - password'

2022-12-21 12:49:10 - [TEST_STEP][PASSED] - setText(findTestObject("Object Repository/BookingOffline/Book5/android.widget.EditText (1)"), "12344321", 0): Text '12344321' has been set to element 'Object Repository/BookingOffline/Book5/android.widget.EditText (1)'

2022-12-21 12:49:11 - [MESSAGE][WARNING] - Timeout '0' is invalid. Using default page load timeout: '30'

2022-12-21 12:49:12 - [MESSAGE][PASSED] - Text '12344321' has been set to element 'Object Repository/BookingOffline/Book5/android.widget.EditText (1)'

2022-12-21 12:49:12 - [TEST_STEP][PASSED] - hideKeyboard(): Keyboard is hidden

2022-12-21 12:49:15 - [MESSAGE][PASSED] - Keyboard is hidden

2022-12-21 12:49:15 - [TEST_STEP][PASSED] - tap(findTestObject("Object Repository/BookingOffline/Book5/android.widget.Button"), 0): Tapped on element 'Object Repository/BookingOffline/Book5/android.widget.Button'

2022-12-21 12:49:15 - [MESSAGE][WARNING] - Timeout '0' is invalid. Using default page load timeout: '30'

2022-12-21 12:49:16 - [MESSAGE][PASSED] - Tapped on element 'Object Repository/BookingOffline/Book5/android.widget.Button'

2022-12-21 12:49:16 - [TEST_STEP][PASSED] - tap(findTestObject("Object Repository/BookingOffline/Book5/android.widget.ImageView"), 0): Tapped on element 'Object Repository/BookingOffline/Book5/android.widget.ImageView'

2022-12-21 12:49:16 - [MESSAGE][WARNING] - Timeout '0' is invalid. Using default page load timeout: '30'

2022-12-21 12:49:18 - [MESSAGE][PASSED] - Tapped on element 'Object Repository/BookingOffline/Book5/android.widget.ImageView'

2022-12-21 12:49:18 - [TEST_STEP][PASSED] - tap(findTestObject("Object Repository/BookingOffline/Book5/android.widget.Button (1)"), 0): Tapped on element 'Object Repository/BookingOffline/Book5/android.widget.Button (1)'

2022-12-21 12:49:18 - [MESSAGE][WARNING] - Timeout '0' is invalid. Using default page load timeout: '30'

2022-12-21 12:49:20 - [MESSAGE][PASSED] - Tapped on element 'Object Repository/BookingOffline/Book5/android.widget.Button (1)'

2022-12-21 12:49:20 - [TEST_STEP][PASSED] - tap(findTestObject("Object Repository/BookingOffline/BookFinal/android.view.View"), 0): Tapped on element 'Object Repository/BookingOffline/BookFinal/android.view.View'

2022-12-21 12:49:20 - [MESSAGE][WARNING] - Timeout '0' is invalid. Using default page load timeout: '30'

2022-12-21 12:49:20 - [MESSAGE][PASSED] - Tapped on element 'Object Repository/BookingOffline/BookFinal/android.view.View'

2022-12-21 12:49:20 - [TEST_STEP][PASSED] - tap(findTestObject("Object Repository/BookingOffline/BookFinal/android.widget.Button"), 0): Tapped on element 'Object Repository/BookingOffline/BookFinal/android.widget.Button'

2022-12-21 12:49:20 - [MESSAGE][WARNING] - Timeout '0' is invalid. Using default page load timeout: '30'

2022-12-21 12:49:22 - [MESSAGE][PASSED] - Tapped on element 'Object Repository/BookingOffline/BookFinal/android.widget.Button'

2022-12-21 12:49:22 - [TEST_STEP][PASSED] - tap(findTestObject("Object Repository/BookingOffline/BookFinal/android.widget.Button (1)"), 0): Tapped on element 'Object Repository/BookingOffline/BookFinal/android.widget.Button (1)'

2022-12-21 12:49:22 - [MESSAGE][WARNING] - Timeout '0' is invalid. Using default page load timeout: '30'

2022-12-21 12:49:24 - [MESSAGE][PASSED] - Tapped on element 'Object Repository/BookingOffline/BookFinal/android.widget.Button (1)'

2022-12-21 12:49:24 - [TEST_STEP][PASSED] - tap(findTestObject("Object Repository/BookingOffline/BookFinal/android.widget.Button (2)"), 0): Tapped on element 'Object Repository/BookingOffline/BookFinal/android.widget.Button (2)'

2022-12-21 12:49:24 - [MESSAGE][WARNING] - Timeout '0' is invalid. Using default page load timeout: '30'

2022-12-21 12:49:25 - [MESSAGE][PASSED] - Tapped on element 'Object Repository/BookingOffline/BookFinal/android.widget.Button (2)'

2022-12-21 12:49:25 - [TEST_STEP][PASSED] - tap(findTestObject("Object Repository/BookingOffline/BookFinal/android.widget.Button (3)"), 0): Tapped on element 'Object Repository/BookingOffline/BookFinal/android.widget.Button (3)'

2022-12-21 12:49:25 - [MESSAGE][WARNING] - Timeout '0' is invalid. Using default page load timeout: '30'

2022-12-21 12:49:26 - [MESSAGE][PASSED] - Tapped on element 'Object Repository/BookingOffline/BookFinal/android.widget.Button (3)'

2022-12-21 12:49:26 - [TEST_STEP][PASSED] - tap(findTestObject("Object Repository/BookingOffline/BookFinal/android.widget.Button (4)"), 0): Tapped on element 'Object Repository/BookingOffline/BookFinal/android.widget.Button (4)'

2022-12-21 12:49:26 - [MESSAGE][WARNING] - Timeout '0' is invalid. Using default page load timeout: '30'

2022-12-21 12:49:27 - [MESSAGE][PASSED] - Tapped on element 'Object Repository/BookingOffline/BookFinal/android.widget.Button (4)'

2022-12-21 12:49:27 - [TEST_STEP][PASSED] - tap(findTestObject("Object Repository/BookingOffline/BookFinal/android.widget.Button (5)"), 0): Tapped on element 'Object Repository/BookingOffline/BookFinal/android.widget.Button (5)'

2022-12-21 12:49:27 - [MESSAGE][WARNING] - Timeout '0' is invalid. Using default page load timeout: '30'

2022-12-21 12:49:28 - [MESSAGE][PASSED] - Tapped on element 'Object Repository/BookingOffline/BookFinal/android.widget.Button (5)'

2022-12-21 12:49:28 - [TEST_STEP][PASSED] - verifyElementText(findTestObject("Object Repository/BookingOffline/BookFinal/android.view.View (1)"), ""): Actual text and expected text of test object 'Object Repository/BookingOffline/BookFinal/android.view.View (1)' are matched.

2022-12-21 12:49:29 - [MESSAGE][PASSED] - Actual text and expected text of test object 'Object Repository/BookingOffline/BookFinal/android.view.View (1)' are matched.

2022-12-21 12:49:29 - [TEST_STEP][PASSED] - closeApplication(): Close app successfully

2022-12-21 12:49:30 - [MESSAGE][PASSED] - Close app successfully

2022-12-21 12:49:30 - [TEST_STEP][PASSED] - startApplication("E:\SEMESTER 7\MBKM\Capstone Project\CICD\Aplikasi\Terbaru\app-release.apk", true): Started app at: 'E:\SEMESTER 7\MBKM\Capstone Project\CICD\Aplikasi\Terbaru\app-release.apk'

2022-12-21 12:49:30 - [MESSAGE][INFO] - Detected NodeJS location: "C:\Program Files\nodejs\node.exe"

2022-12-21 12:49:31 - [MESSAGE][INFO] - Appium server started on port 59,918

2022-12-21 12:49:51 - [MESSAGE][PASSED] - Started app at: 'E:\SEMESTER 7\MBKM\Capstone Project\CICD\Aplikasi\Terbaru\app-release.apk'

2022-12-21 12:49:51 - [TEST_STEP][PASSED] - tap(findTestObject("Object Repository/BookingOnline/BookFinal/android.view.View"), 0): Tapped on element 'Object Repository/BookingOnline/BookFinal/android.view.View'

2022-12-21 12:49:51 - [MESSAGE][WARNING] - Timeout '0' is invalid. Using default page load timeout: '30'

2022-12-21 12:49:54 - [MESSAGE][PASSED] - Tapped on element 'Object Repository/BookingOnline/BookFinal/android.view.View'

2022-12-21 12:49:54 - [TEST_STEP][PASSED] - tap(findTestObject("Object Repository/BookingOnline/BookFinal/android.widget.EditText - email address"), 0): Tapped on element 'Object Repository/BookingOnline/BookFinal/android.widget.EditText - email address'

2022-12-21 12:49:54 - [MESSAGE][WARNING] - Timeout '0' is invalid. Using default page load timeout: '30'

2022-12-21 12:49:56 - [MESSAGE][PASSED] - Tapped on element 'Object Repository/BookingOnline/BookFinal/android.widget.EditText - email address'

2022-12-21 12:49:56 - [TEST_STEP][PASSED] - setText(findTestObject("Object Repository/BookingOnline/BookFinal/android.widget.EditText"), "qe1@gmail.com", 0): Text 'qe1@gmail.com' has been set to element 'Object Repository/BookingOnline/BookFinal/android.widget.EditText'

2022-12-21 12:49:56 - [MESSAGE][WARNING] - Timeout '0' is invalid. Using default page load timeout: '30'

2022-12-21 12:49:57 - [MESSAGE][PASSED] - Text 'qe1@gmail.com' has been set to element 'Object Repository/BookingOnline/BookFinal/android.widget.EditText'

2022-12-21 12:49:57 - [TEST_STEP][PASSED] - tap(findTestObject("Object Repository/BookingOnline/BookFinal/android.widget.EditText - password"), 0): Tapped on element 'Object Repository/BookingOnline/BookFinal/android.widget.EditText - password'

2022-12-21 12:49:57 - [MESSAGE][WARNING] - Timeout '0' is invalid. Using default page load timeout: '30'

2022-12-21 12:49:58 - [MESSAGE][PASSED] - Tapped on element 'Object Repository/BookingOnline/BookFinal/android.widget.EditText - password'

2022-12-21 12:49:58 - [TEST_STEP][PASSED] - setText(findTestObject("Object Repository/BookingOnline/BookFinal/android.widget.EditText (1)"), "12344321", 0): Text '12344321' has been set to element 'Object Repository/BookingOnline/BookFinal/android.widget.EditText (1)'

2022-12-21 12:49:59 - [MESSAGE][WARNING] - Timeout '0' is invalid. Using default page load timeout: '30'

2022-12-21 12:49:59 - [MESSAGE][PASSED] - Text '12344321' has been set to element 'Object Repository/BookingOnline/BookFinal/android.widget.EditText (1)'

2022-12-21 12:49:59 - [TEST_STEP][PASSED] - hideKeyboard(): Keyboard is hidden

2022-12-21 12:50:02 - [MESSAGE][PASSED] - Keyboard is hidden

2022-12-21 12:50:02 - [TEST_STEP][PASSED] - tap(findTestObject("Object Repository/BookingOnline/BookFinal/android.widget.Button"), 0): Tapped on element 'Object Repository/BookingOnline/BookFinal/android.widget.Button'

2022-12-21 12:50:02 - [MESSAGE][WARNING] - Timeout '0' is invalid. Using default page load timeout: '30'

2022-12-21 12:50:04 - [MESSAGE][PASSED] - Tapped on element 'Object Repository/BookingOnline/BookFinal/android.widget.Button'

2022-12-21 12:50:04 - [TEST_STEP][PASSED] - tap(findTestObject("Object Repository/BookingOnline/BookFinal/android.widget.ImageView"), 0): Tapped on element 'Object Repository/BookingOnline/BookFinal/android.widget.ImageView'

2022-12-21 12:50:04 - [MESSAGE][WARNING] - Timeout '0' is invalid. Using default page load timeout: '30'

2022-12-21 12:50:06 - [MESSAGE][PASSED] - Tapped on element 'Object Repository/BookingOnline/BookFinal/android.widget.ImageView'

2022-12-21 12:50:06 - [TEST_STEP][PASSED] - tap(findTestObject("Object Repository/BookingOnline/BookFinal/android.widget.Button (1)"), 0): Tapped on element 'Object Repository/BookingOnline/BookFinal/android.widget.Button (1)'

2022-12-21 12:50:06 - [MESSAGE][WARNING] - Timeout '0' is invalid. Using default page load timeout: '30'

2022-12-21 12:50:07 - [MESSAGE][PASSED] - Tapped on element 'Object Repository/BookingOnline/BookFinal/android.widget.Button (1)'

2022-12-21 12:50:07 - [TEST_STEP][PASSED] - tap(findTestObject("Object Repository/BookingOnline/BookFinal/android.view.View (1)"), 0): Tapped on element 'Object Repository/BookingOnline/BookFinal/android.view.View (1)'

2022-12-21 12:50:07 - [MESSAGE][WARNING] - Timeout '0' is invalid. Using default page load timeout: '30'

2022-12-21 12:50:08 - [MESSAGE][PASSED] - Tapped on element 'Object Repository/BookingOnline/BookFinal/android.view.View (1)'

2022-12-21 12:50:08 - [TEST_STEP][PASSED] - tap(findTestObject("Object Repository/BookingOnline/BookFinal/android.view.View (2)"), 0): Tapped on element 'Object Repository/BookingOnline/BookFinal/android.view.View (2)'

2022-12-21 12:50:08 - [MESSAGE][WARNING] - Timeout '0' is invalid. Using default page load timeout: '30'

2022-12-21 12:50:09 - [MESSAGE][PASSED] - Tapped on element 'Object Repository/BookingOnline/BookFinal/android.view.View (2)'

2022-12-21 12:50:09 - [TEST_STEP][PASSED] - tap(findTestObject("Object Repository/BookingOnline/BookFinal/android.widget.Button (2)"), 0): Tapped on element 'Object Repository/BookingOnline/BookFinal/android.widget.Button (2)'

2022-12-21 12:50:09 - [MESSAGE][WARNING] - Timeout '0' is invalid. Using default page load timeout: '30'

2022-12-21 12:50:10 - [MESSAGE][PASSED] - Tapped on element 'Object Repository/BookingOnline/BookFinal/android.widget.Button (2)'

2022-12-21 12:50:10 - [TEST_STEP][PASSED] - tap(findTestObject("Object Repository/BookingOnline/BookFinal/android.widget.Button (3)"), 0): Tapped on element 'Object Repository/BookingOnline/BookFinal/android.widget.Button (3)'

2022-12-21 12:50:10 - [MESSAGE][WARNING] - Timeout '0' is invalid. Using default page load timeout: '30'

2022-12-21 12:50:12 - [MESSAGE][PASSED] - Tapped on element 'Object Repository/BookingOnline/BookFinal/android.widget.Button (3)'

2022-12-21 12:50:12 - [TEST_STEP][PASSED] - tap(findTestObject("Object Repository/BookingOnline/BookFinal/android.widget.Button (4)"), 0): Tapped on element 'Object Repository/BookingOnline/BookFinal/android.widget.Button (4)'

2022-12-21 12:50:12 - [MESSAGE][WARNING] - Timeout '0' is invalid. Using default page load timeout: '30'

2022-12-21 12:50:13 - [MESSAGE][PASSED] - Tapped on element 'Object Repository/BookingOnline/BookFinal/android.widget.Button (4)'

2022-12-21 12:50:13 - [TEST_STEP][PASSED] - tap(findTestObject("Object Repository/BookingOnline/BookFinal/android.widget.Button (5)"), 0): Tapped on element 'Object Repository/BookingOnline/BookFinal/android.widget.Button (5)'

2022-12-21 12:50:14 - [MESSAGE][WARNING] - Timeout '0' is invalid. Using default page load timeout: '30'

2022-12-21 12:50:14 - [MESSAGE][PASSED] - Tapped on element 'Object Repository/BookingOnline/BookFinal/android.widget.Button (5)'

2022-12-21 12:50:14 - [TEST_STEP][PASSED] - tap(findTestObject("Object Repository/BookingOnline/BookFinal/android.widget.Button (6)"), 0): Tapped on element 'Object Repository/BookingOnline/BookFinal/android.widget.Button (6)'

2022-12-21 12:50:14 - [MESSAGE][WARNING] - Timeout '0' is invalid. Using default page load timeout: '30'

2022-12-21 12:50:15 - [MESSAGE][PASSED] - Tapped on element 'Object Repository/BookingOnline/BookFinal/android.widget.Button (6)'

2022-12-21 12:50:15 - [TEST_STEP][PASSED] - tap(findTestObject("Object Repository/BookingOnline/BookFinal/android.widget.Button (7)"), 0): Tapped on element 'Object Repository/BookingOnline/BookFinal/android.widget.Button (7)'

2022-12-21 12:50:15 - [MESSAGE][WARNING] - Timeout '0' is invalid. Using default page load timeout: '30'

2022-12-21 12:50:16 - [MESSAGE][PASSED] - Tapped on element 'Object Repository/BookingOnline/BookFinal/android.widget.Button (7)'

2022-12-21 12:50:16 - [TEST_STEP][PASSED] - verifyElementText(findTestObject("Object Repository/BookingOnline/BookFinal/android.view.View (3)"), ""): Actual text and expected text of test object 'Object Repository/BookingOnline/BookFinal/android.view.View (3)' are matched.

2022-12-21 12:50:17 - [MESSAGE][PASSED] - Actual text and expected text of test object 'Object Repository/BookingOnline/BookFinal/android.view.View (3)' are matched.

2022-12-21 12:50:17 - [TEST_STEP][PASSED] - closeApplication(): Close app successfully

2022-12-21 12:50:18 - [MESSAGE][PASSED] - Close app successfully]]></system-out>
         <system-err><![CDATA[]]></system-err>
      </testcase>
      <system-out><![CDATA[2022-12-21 12:43:09 - [TEST_SUITE][PASSED] - Regression: Test Cases/Booking/Booking]]></system-out>
      <system-err><![CDATA[]]></system-err>
   </testsuite>
</testsuites>
