<?xml version="1.0" encoding="UTF-8"?>
<testsuites name="OfflineClass" time="173.464" tests="5" failures="0" errors="0">
   <testsuite name="OfflineClass" tests="5" failures="0" errors="0" time="173.464" skipped="0" timestamp="2022-12-21 03:56:58" hostname="Asus - DESKTOP-SRK5D1D" id="Test Suites/OfflineClass">
      <properties>
         <property name="deviceName" value="Xiaomi Redmi Note 9 Pro (Android 11)"/>
         <property name="devicePlatform" value=""/>
         <property name="logFolder" value="E:\\SEMESTER 7\\MBKM\\Capstone Project\\CICD\\Mobile\\CapstoneWorkfitMobile\\Reports\\20221221_035640\\OfflineClass\\20221221_035640"/>
         <property name="logFiles" value="E:\\SEMESTER 7\\MBKM\\Capstone Project\\CICD\\Mobile\\CapstoneWorkfitMobile\\Reports\\20221221_035640\\OfflineClass\\20221221_035640\\appium.log, E:\\SEMESTER 7\\MBKM\\Capstone Project\\CICD\\Mobile\\CapstoneWorkfitMobile\\Reports\\20221221_035640\\OfflineClass\\20221221_035640\\execution0.log"/>
         <property name="attachments" value=""/>
         <property name="hostName" value="Asus - DESKTOP-SRK5D1D"/>
         <property name="os" value="Windows 10 64bit"/>
         <property name="appiumServerStatus" value="{&quot;value&quot;:{&quot;build&quot;:{&quot;version&quot;:&quot;1.22.3&quot;}},&quot;sessionId&quot;:null,&quot;status&quot;:0}"/>
         <property name="katalonVersion" value="8.3.0.208"/>
         <property name="deviceOS" value="Android"/>
         <property name="appiumVersion" value="1.22.3"/>
         <property name="deviceModel" value="Redmi Note 9 Pro"/>
         <property name="hostAddress" value="192.168.56.1"/>
         <property name="deviceManufacturer" value="Xiaomi"/>
         <property name="deviceId" value="9821f742"/>
         <property name="deviceName" value="Xiaomi Redmi Note 9 Pro (Android 11)"/>
         <property name="deviceOSVersion" value="11"/>
      </properties>
      <testcase name="Test Cases/Booking/Offline/TC_BookingClassOffline" time="43.829" classname="Test Cases/Booking/Offline/TC_BookingClassOffline" status="PASSED">
         <system-out><![CDATA[2022-12-21 03:56:58 - [TEST_CASE][PASSED] - Test Cases/Booking/Offline/TC_BookingClassOffline: Test Cases/Booking/Offline/TC_BookingClassOffline

2022-12-21 03:56:59 - [TEST_STEP][PASSED] - startApplication("E:\SEMESTER 7\MBKM\Capstone Project\CICD\Aplikasi\Terbaru\app-release.apk", true): Started app at: 'E:\SEMESTER 7\MBKM\Capstone Project\CICD\Aplikasi\Terbaru\app-release.apk'

2022-12-21 03:56:59 - [MESSAGE][INFO] - Detected NodeJS location: "C:\Program Files\nodejs\node.exe"

2022-12-21 03:57:01 - [MESSAGE][INFO] - Appium server started on port 63,287

2022-12-21 03:57:22 - [MESSAGE][PASSED] - Started app at: 'E:\SEMESTER 7\MBKM\Capstone Project\CICD\Aplikasi\Terbaru\app-release.apk'

2022-12-21 03:57:22 - [TEST_STEP][PASSED] - tap(findTestObject("Object Repository/BookingOffline/Book/android.view.View"), 0): Tapped on element 'Object Repository/BookingOffline/Book/android.view.View'

2022-12-21 03:57:22 - [MESSAGE][WARNING] - Timeout '0' is invalid. Using default page load timeout: '30'

2022-12-21 03:57:23 - [MESSAGE][PASSED] - Tapped on element 'Object Repository/BookingOffline/Book/android.view.View'

2022-12-21 03:57:23 - [TEST_STEP][PASSED] - tap(findTestObject("Object Repository/BookingOffline/Book/android.widget.EditText - email address"), 0): Tapped on element 'Object Repository/BookingOffline/Book/android.widget.EditText - email address'

2022-12-21 03:57:23 - [MESSAGE][WARNING] - Timeout '0' is invalid. Using default page load timeout: '30'

2022-12-21 03:57:25 - [MESSAGE][PASSED] - Tapped on element 'Object Repository/BookingOffline/Book/android.widget.EditText - email address'

2022-12-21 03:57:25 - [TEST_STEP][PASSED] - setText(findTestObject("Object Repository/BookingOffline/Book/android.widget.EditText"), "qe1@gmail.com", 0): Text 'qe1@gmail.com' has been set to element 'Object Repository/BookingOffline/Book/android.widget.EditText'

2022-12-21 03:57:25 - [MESSAGE][WARNING] - Timeout '0' is invalid. Using default page load timeout: '30'

2022-12-21 03:57:26 - [MESSAGE][PASSED] - Text 'qe1@gmail.com' has been set to element 'Object Repository/BookingOffline/Book/android.widget.EditText'

2022-12-21 03:57:26 - [TEST_STEP][PASSED] - tap(findTestObject("Object Repository/BookingOffline/Book/android.widget.EditText - password"), 0): Tapped on element 'Object Repository/BookingOffline/Book/android.widget.EditText - password'

2022-12-21 03:57:26 - [MESSAGE][WARNING] - Timeout '0' is invalid. Using default page load timeout: '30'

2022-12-21 03:57:27 - [MESSAGE][PASSED] - Tapped on element 'Object Repository/BookingOffline/Book/android.widget.EditText - password'

2022-12-21 03:57:27 - [TEST_STEP][PASSED] - setText(findTestObject("Object Repository/BookingOffline/Book/android.widget.EditText (1)"), "12344321", 0): Text '12344321' has been set to element 'Object Repository/BookingOffline/Book/android.widget.EditText (1)'

2022-12-21 03:57:27 - [MESSAGE][WARNING] - Timeout '0' is invalid. Using default page load timeout: '30'

2022-12-21 03:57:28 - [MESSAGE][PASSED] - Text '12344321' has been set to element 'Object Repository/BookingOffline/Book/android.widget.EditText (1)'

2022-12-21 03:57:28 - [TEST_STEP][PASSED] - hideKeyboard(): Keyboard is hidden

2022-12-21 03:57:31 - [MESSAGE][PASSED] - Keyboard is hidden

2022-12-21 03:57:31 - [TEST_STEP][PASSED] - tap(findTestObject("Object Repository/BookingOffline/Book/android.widget.Button"), 0): Tapped on element 'Object Repository/BookingOffline/Book/android.widget.Button'

2022-12-21 03:57:31 - [MESSAGE][WARNING] - Timeout '0' is invalid. Using default page load timeout: '30'

2022-12-21 03:57:33 - [MESSAGE][PASSED] - Tapped on element 'Object Repository/BookingOffline/Book/android.widget.Button'

2022-12-21 03:57:33 - [TEST_STEP][PASSED] - tap(findTestObject("Object Repository/BookingOffline/Book/android.widget.ImageView"), 0): Tapped on element 'Object Repository/BookingOffline/Book/android.widget.ImageView'

2022-12-21 03:57:33 - [MESSAGE][WARNING] - Timeout '0' is invalid. Using default page load timeout: '30'

2022-12-21 03:57:35 - [MESSAGE][PASSED] - Tapped on element 'Object Repository/BookingOffline/Book/android.widget.ImageView'

2022-12-21 03:57:35 - [TEST_STEP][PASSED] - tap(findTestObject("Object Repository/BookingOffline/Book/android.widget.Button (1)"), 0): Tapped on element 'Object Repository/BookingOffline/Book/android.widget.Button (1)'

2022-12-21 03:57:35 - [MESSAGE][WARNING] - Timeout '0' is invalid. Using default page load timeout: '30'

2022-12-21 03:57:37 - [MESSAGE][PASSED] - Tapped on element 'Object Repository/BookingOffline/Book/android.widget.Button (1)'

2022-12-21 03:57:37 - [TEST_STEP][PASSED] - tap(findTestObject("Object Repository/BookingOffline/Book/android.widget.EditText - Search"), 0): Tapped on element 'Object Repository/BookingOffline/Book/android.widget.EditText - Search'

2022-12-21 03:57:37 - [MESSAGE][WARNING] - Timeout '0' is invalid. Using default page load timeout: '30'

2022-12-21 03:57:37 - [MESSAGE][PASSED] - Tapped on element 'Object Repository/BookingOffline/Book/android.widget.EditText - Search'

2022-12-21 03:57:37 - [TEST_STEP][PASSED] - setText(findTestObject("Object Repository/BookingOffline/Book/android.widget.EditText (2)"), "Zumba", 0): Text 'Zumba' has been set to element 'Object Repository/BookingOffline/Book/android.widget.EditText (2)'

2022-12-21 03:57:37 - [MESSAGE][WARNING] - Timeout '0' is invalid. Using default page load timeout: '30'

2022-12-21 03:57:39 - [MESSAGE][PASSED] - Text 'Zumba' has been set to element 'Object Repository/BookingOffline/Book/android.widget.EditText (2)'

2022-12-21 03:57:39 - [TEST_STEP][PASSED] - tap(findTestObject("Object Repository/BookingOffline/Book/android.widget.ImageView (1)"), 0): Tapped on element 'Object Repository/BookingOffline/Book/android.widget.ImageView (1)'

2022-12-21 03:57:39 - [MESSAGE][WARNING] - Timeout '0' is invalid. Using default page load timeout: '30'

2022-12-21 03:57:39 - [MESSAGE][PASSED] - Tapped on element 'Object Repository/BookingOffline/Book/android.widget.ImageView (1)'

2022-12-21 03:57:39 - [TEST_STEP][PASSED] - verifyElementText(findTestObject("Object Repository/BookingOffline/Book/android.view.View (1)"), ""): Actual text and expected text of test object 'Object Repository/BookingOffline/Book/android.view.View (1)' are matched.

2022-12-21 03:57:40 - [MESSAGE][PASSED] - Actual text and expected text of test object 'Object Repository/BookingOffline/Book/android.view.View (1)' are matched.

2022-12-21 03:57:40 - [TEST_STEP][PASSED] - closeApplication(): Close app successfully

2022-12-21 03:57:42 - [MESSAGE][PASSED] - Close app successfully]]></system-out>
         <system-err><![CDATA[]]></system-err>
      </testcase>
      <testcase name="Test Cases/Booking/Offline/TC_BookingClassOffline_02" time="0.217" classname="Test Cases/Booking/Offline/TC_BookingClassOffline_02" status="PASSED">
         <system-out><![CDATA[2022-12-21 03:57:42 - [TEST_CASE][PASSED] - Test Cases/Booking/Offline/TC_BookingClassOffline_02: Test Cases/Booking/Offline/TC_BookingClassOffline_02

2022-12-21 03:57:42 - [TEST_STEP][PASSED] - return null: null]]></system-out>
         <system-err><![CDATA[]]></system-err>
      </testcase>
      <testcase name="Test Cases/Booking/Offline/TC_BookingClassOffline_03" time="42.833" classname="Test Cases/Booking/Offline/TC_BookingClassOffline_03" status="PASSED">
         <system-out><![CDATA[2022-12-21 03:57:42 - [TEST_CASE][PASSED] - Test Cases/Booking/Offline/TC_BookingClassOffline_03: Test Cases/Booking/Offline/TC_BookingClassOffline_03

2022-12-21 03:57:42 - [TEST_STEP][PASSED] - startApplication("E:\SEMESTER 7\MBKM\Capstone Project\CICD\Aplikasi\Terbaru\app-release.apk", true): Started app at: 'E:\SEMESTER 7\MBKM\Capstone Project\CICD\Aplikasi\Terbaru\app-release.apk'

2022-12-21 03:57:43 - [MESSAGE][INFO] - Detected NodeJS location: "C:\Program Files\nodejs\node.exe"

2022-12-21 03:57:44 - [MESSAGE][INFO] - Appium server started on port 63,442

2022-12-21 03:58:02 - [MESSAGE][PASSED] - Started app at: 'E:\SEMESTER 7\MBKM\Capstone Project\CICD\Aplikasi\Terbaru\app-release.apk'

2022-12-21 03:58:02 - [TEST_STEP][PASSED] - tap(findTestObject("Object Repository/BookingOffline/Book6/android.view.View"), 0): Tapped on element 'Object Repository/BookingOffline/Book6/android.view.View'

2022-12-21 03:58:03 - [MESSAGE][WARNING] - Timeout '0' is invalid. Using default page load timeout: '30'

2022-12-21 03:58:05 - [MESSAGE][PASSED] - Tapped on element 'Object Repository/BookingOffline/Book6/android.view.View'

2022-12-21 03:58:05 - [TEST_STEP][PASSED] - tap(findTestObject("Object Repository/BookingOffline/Book6/android.widget.EditText - email address"), 0): Tapped on element 'Object Repository/BookingOffline/Book6/android.widget.EditText - email address'

2022-12-21 03:58:05 - [MESSAGE][WARNING] - Timeout '0' is invalid. Using default page load timeout: '30'

2022-12-21 03:58:06 - [MESSAGE][PASSED] - Tapped on element 'Object Repository/BookingOffline/Book6/android.widget.EditText - email address'

2022-12-21 03:58:06 - [TEST_STEP][PASSED] - setText(findTestObject("Object Repository/BookingOffline/Book6/android.widget.EditText"), "qe1@gmail.com", 0): Text 'qe1@gmail.com' has been set to element 'Object Repository/BookingOffline/Book6/android.widget.EditText'

2022-12-21 03:58:06 - [MESSAGE][WARNING] - Timeout '0' is invalid. Using default page load timeout: '30'

2022-12-21 03:58:07 - [MESSAGE][PASSED] - Text 'qe1@gmail.com' has been set to element 'Object Repository/BookingOffline/Book6/android.widget.EditText'

2022-12-21 03:58:07 - [TEST_STEP][PASSED] - tap(findTestObject("Object Repository/BookingOffline/Book6/android.widget.EditText - password"), 0): Tapped on element 'Object Repository/BookingOffline/Book6/android.widget.EditText - password'

2022-12-21 03:58:07 - [MESSAGE][WARNING] - Timeout '0' is invalid. Using default page load timeout: '30'

2022-12-21 03:58:08 - [MESSAGE][PASSED] - Tapped on element 'Object Repository/BookingOffline/Book6/android.widget.EditText - password'

2022-12-21 03:58:08 - [TEST_STEP][PASSED] - setText(findTestObject("Object Repository/BookingOffline/Book6/android.widget.EditText (1)"), "12344321", 0): Text '12344321' has been set to element 'Object Repository/BookingOffline/Book6/android.widget.EditText (1)'

2022-12-21 03:58:08 - [MESSAGE][WARNING] - Timeout '0' is invalid. Using default page load timeout: '30'

2022-12-21 03:58:09 - [MESSAGE][PASSED] - Text '12344321' has been set to element 'Object Repository/BookingOffline/Book6/android.widget.EditText (1)'

2022-12-21 03:58:09 - [TEST_STEP][PASSED] - hideKeyboard(): Keyboard is hidden

2022-12-21 03:58:12 - [MESSAGE][PASSED] - Keyboard is hidden

2022-12-21 03:58:12 - [TEST_STEP][PASSED] - tap(findTestObject("Object Repository/BookingOffline/Book6/android.widget.Button"), 0): Tapped on element 'Object Repository/BookingOffline/Book6/android.widget.Button'

2022-12-21 03:58:12 - [MESSAGE][WARNING] - Timeout '0' is invalid. Using default page load timeout: '30'

2022-12-21 03:58:13 - [MESSAGE][PASSED] - Tapped on element 'Object Repository/BookingOffline/Book6/android.widget.Button'

2022-12-21 03:58:13 - [TEST_STEP][PASSED] - tap(findTestObject("Object Repository/BookingOffline/Book6/android.widget.ImageView"), 0): Tapped on element 'Object Repository/BookingOffline/Book6/android.widget.ImageView'

2022-12-21 03:58:13 - [MESSAGE][WARNING] - Timeout '0' is invalid. Using default page load timeout: '30'

2022-12-21 03:58:15 - [MESSAGE][PASSED] - Tapped on element 'Object Repository/BookingOffline/Book6/android.widget.ImageView'

2022-12-21 03:58:15 - [TEST_STEP][PASSED] - tap(findTestObject("Object Repository/BookingOffline/Book6/android.widget.Button (1)"), 0): Tapped on element 'Object Repository/BookingOffline/Book6/android.widget.Button (1)'

2022-12-21 03:58:15 - [MESSAGE][WARNING] - Timeout '0' is invalid. Using default page load timeout: '30'

2022-12-21 03:58:16 - [MESSAGE][PASSED] - Tapped on element 'Object Repository/BookingOffline/Book6/android.widget.Button (1)'

2022-12-21 03:58:16 - [TEST_STEP][PASSED] - tap(findTestObject("Object Repository/BookingOffline/Book6/android.widget.ImageView (1)"), 0): Tapped on element 'Object Repository/BookingOffline/Book6/android.widget.ImageView (1)'

2022-12-21 03:58:16 - [MESSAGE][WARNING] - Timeout '0' is invalid. Using default page load timeout: '30'

2022-12-21 03:58:16 - [MESSAGE][PASSED] - Tapped on element 'Object Repository/BookingOffline/Book6/android.widget.ImageView (1)'

2022-12-21 03:58:16 - [TEST_STEP][PASSED] - tap(findTestObject("Object Repository/BookingOffline/Book6/android.widget.Button (2)"), 0): Tapped on element 'Object Repository/BookingOffline/Book6/android.widget.Button (2)'

2022-12-21 03:58:16 - [MESSAGE][WARNING] - Timeout '0' is invalid. Using default page load timeout: '30'

2022-12-21 03:58:18 - [MESSAGE][PASSED] - Tapped on element 'Object Repository/BookingOffline/Book6/android.widget.Button (2)'

2022-12-21 03:58:18 - [TEST_STEP][PASSED] - tap(findTestObject("Object Repository/BookingOffline/Book6/android.widget.Button (3)"), 0): Tapped on element 'Object Repository/BookingOffline/Book6/android.widget.Button (3)'

2022-12-21 03:58:18 - [MESSAGE][WARNING] - Timeout '0' is invalid. Using default page load timeout: '30'

2022-12-21 03:58:18 - [MESSAGE][PASSED] - Tapped on element 'Object Repository/BookingOffline/Book6/android.widget.Button (3)'

2022-12-21 03:58:18 - [TEST_STEP][PASSED] - tap(findTestObject("Object Repository/BookingOffline/Book6/android.widget.Button (4)"), 0): Tapped on element 'Object Repository/BookingOffline/Book6/android.widget.Button (4)'

2022-12-21 03:58:18 - [MESSAGE][WARNING] - Timeout '0' is invalid. Using default page load timeout: '30'

2022-12-21 03:58:20 - [MESSAGE][PASSED] - Tapped on element 'Object Repository/BookingOffline/Book6/android.widget.Button (4)'

2022-12-21 03:58:20 - [TEST_STEP][PASSED] - tap(findTestObject("Object Repository/BookingOffline/Book6/android.widget.Button (5)"), 0): Tapped on element 'Object Repository/BookingOffline/Book6/android.widget.Button (5)'

2022-12-21 03:58:20 - [MESSAGE][WARNING] - Timeout '0' is invalid. Using default page load timeout: '30'

2022-12-21 03:58:21 - [MESSAGE][PASSED] - Tapped on element 'Object Repository/BookingOffline/Book6/android.widget.Button (5)'

2022-12-21 03:58:21 - [TEST_STEP][PASSED] - tap(findTestObject("Object Repository/BookingOffline/Book6/android.widget.Button (6)"), 0): Tapped on element 'Object Repository/BookingOffline/Book6/android.widget.Button (6)'

2022-12-21 03:58:21 - [MESSAGE][WARNING] - Timeout '0' is invalid. Using default page load timeout: '30'

2022-12-21 03:58:22 - [MESSAGE][PASSED] - Tapped on element 'Object Repository/BookingOffline/Book6/android.widget.Button (6)'

2022-12-21 03:58:22 - [TEST_STEP][PASSED] - tap(findTestObject("Object Repository/BookingOffline/Book6/android.widget.Button (7)"), 0): Tapped on element 'Object Repository/BookingOffline/Book6/android.widget.Button (7)'

2022-12-21 03:58:22 - [MESSAGE][WARNING] - Timeout '0' is invalid. Using default page load timeout: '30'

2022-12-21 03:58:23 - [MESSAGE][PASSED] - Tapped on element 'Object Repository/BookingOffline/Book6/android.widget.Button (7)'

2022-12-21 03:58:23 - [TEST_STEP][PASSED] - verifyElementText(findTestObject("Object Repository/BookingOffline/Book6/android.view.View (1)"), ""): Actual text and expected text of test object 'Object Repository/BookingOffline/Book6/android.view.View (1)' are matched.

2022-12-21 03:58:23 - [MESSAGE][PASSED] - Actual text and expected text of test object 'Object Repository/BookingOffline/Book6/android.view.View (1)' are matched.

2022-12-21 03:58:23 - [TEST_STEP][PASSED] - closeApplication(): Close app successfully

2022-12-21 03:58:25 - [MESSAGE][PASSED] - Close app successfully]]></system-out>
         <system-err><![CDATA[]]></system-err>
      </testcase>
      <testcase name="Test Cases/Booking/Offline/TC_BookingClassOffline_04" time="42.293" classname="Test Cases/Booking/Offline/TC_BookingClassOffline_04" status="PASSED">
         <system-out><![CDATA[2022-12-21 03:58:25 - [TEST_CASE][PASSED] - Test Cases/Booking/Offline/TC_BookingClassOffline_04: Test Cases/Booking/Offline/TC_BookingClassOffline_04

2022-12-21 03:58:25 - [TEST_STEP][PASSED] - startApplication("E:\SEMESTER 7\MBKM\Capstone Project\CICD\Aplikasi\Terbaru\app-release.apk", true): Started app at: 'E:\SEMESTER 7\MBKM\Capstone Project\CICD\Aplikasi\Terbaru\app-release.apk'

2022-12-21 03:58:25 - [MESSAGE][INFO] - Detected NodeJS location: "C:\Program Files\nodejs\node.exe"

2022-12-21 03:58:27 - [MESSAGE][INFO] - Appium server started on port 63,600

2022-12-21 03:58:47 - [MESSAGE][PASSED] - Started app at: 'E:\SEMESTER 7\MBKM\Capstone Project\CICD\Aplikasi\Terbaru\app-release.apk'

2022-12-21 03:58:47 - [TEST_STEP][PASSED] - tap(findTestObject("Object Repository/Booking1/Book4/android.view.View"), 0): Tapped on element 'Object Repository/Booking1/Book4/android.view.View'

2022-12-21 03:58:47 - [MESSAGE][WARNING] - Timeout '0' is invalid. Using default page load timeout: '30'

2022-12-21 03:58:49 - [MESSAGE][PASSED] - Tapped on element 'Object Repository/Booking1/Book4/android.view.View'

2022-12-21 03:58:49 - [TEST_STEP][PASSED] - tap(findTestObject("Object Repository/Booking1/Book4/android.widget.EditText - email address"), 0): Tapped on element 'Object Repository/Booking1/Book4/android.widget.EditText - email address'

2022-12-21 03:58:49 - [MESSAGE][WARNING] - Timeout '0' is invalid. Using default page load timeout: '30'

2022-12-21 03:58:50 - [MESSAGE][PASSED] - Tapped on element 'Object Repository/Booking1/Book4/android.widget.EditText - email address'

2022-12-21 03:58:50 - [TEST_STEP][PASSED] - setText(findTestObject("Object Repository/Booking1/Book4/android.widget.EditText"), "qe1@gmail.com", 0): Text 'qe1@gmail.com' has been set to element 'Object Repository/Booking1/Book4/android.widget.EditText'

2022-12-21 03:58:50 - [MESSAGE][WARNING] - Timeout '0' is invalid. Using default page load timeout: '30'

2022-12-21 03:58:51 - [MESSAGE][PASSED] - Text 'qe1@gmail.com' has been set to element 'Object Repository/Booking1/Book4/android.widget.EditText'

2022-12-21 03:58:51 - [TEST_STEP][PASSED] - tap(findTestObject("Object Repository/Booking1/Book4/android.widget.EditText - password"), 0): Tapped on element 'Object Repository/Booking1/Book4/android.widget.EditText - password'

2022-12-21 03:58:51 - [MESSAGE][WARNING] - Timeout '0' is invalid. Using default page load timeout: '30'

2022-12-21 03:58:52 - [MESSAGE][PASSED] - Tapped on element 'Object Repository/Booking1/Book4/android.widget.EditText - password'

2022-12-21 03:58:52 - [TEST_STEP][PASSED] - setText(findTestObject("Object Repository/Booking1/Book4/android.widget.EditText (1)"), "12344321", 0): Text '12344321' has been set to element 'Object Repository/Booking1/Book4/android.widget.EditText (1)'

2022-12-21 03:58:52 - [MESSAGE][WARNING] - Timeout '0' is invalid. Using default page load timeout: '30'

2022-12-21 03:58:53 - [MESSAGE][PASSED] - Text '12344321' has been set to element 'Object Repository/Booking1/Book4/android.widget.EditText (1)'

2022-12-21 03:58:53 - [TEST_STEP][PASSED] - hideKeyboard(): Keyboard is hidden

2022-12-21 03:58:56 - [MESSAGE][PASSED] - Keyboard is hidden

2022-12-21 03:58:56 - [TEST_STEP][PASSED] - tap(findTestObject("Object Repository/Booking1/Book4/android.widget.Button"), 0): Tapped on element 'Object Repository/Booking1/Book4/android.widget.Button'

2022-12-21 03:58:56 - [MESSAGE][WARNING] - Timeout '0' is invalid. Using default page load timeout: '30'

2022-12-21 03:58:57 - [MESSAGE][PASSED] - Tapped on element 'Object Repository/Booking1/Book4/android.widget.Button'

2022-12-21 03:58:57 - [TEST_STEP][PASSED] - tap(findTestObject("Object Repository/Booking1/Book4/android.widget.ImageView"), 0): Tapped on element 'Object Repository/Booking1/Book4/android.widget.ImageView'

2022-12-21 03:58:57 - [MESSAGE][WARNING] - Timeout '0' is invalid. Using default page load timeout: '30'

2022-12-21 03:58:59 - [MESSAGE][PASSED] - Tapped on element 'Object Repository/Booking1/Book4/android.widget.ImageView'

2022-12-21 03:58:59 - [TEST_STEP][PASSED] - tap(findTestObject("Object Repository/Booking1/Book4/android.widget.Button (1)"), 0): Tapped on element 'Object Repository/Booking1/Book4/android.widget.Button (1)'

2022-12-21 03:58:59 - [MESSAGE][WARNING] - Timeout '0' is invalid. Using default page load timeout: '30'

2022-12-21 03:59:01 - [MESSAGE][PASSED] - Tapped on element 'Object Repository/Booking1/Book4/android.widget.Button (1)'

2022-12-21 03:59:01 - [TEST_STEP][PASSED] - tap(findTestObject("Object Repository/Booking1/Book4/android.widget.EditText - Search"), 0): Tapped on element 'Object Repository/Booking1/Book4/android.widget.EditText - Search'

2022-12-21 03:59:01 - [MESSAGE][WARNING] - Timeout '0' is invalid. Using default page load timeout: '30'

2022-12-21 03:59:01 - [MESSAGE][PASSED] - Tapped on element 'Object Repository/Booking1/Book4/android.widget.EditText - Search'

2022-12-21 03:59:01 - [TEST_STEP][PASSED] - setText(findTestObject("Object Repository/Booking1/Book4/android.widget.EditText (2)"), "Zumba", 0): Text 'Zumba' has been set to element 'Object Repository/Booking1/Book4/android.widget.EditText (2)'

2022-12-21 03:59:01 - [MESSAGE][WARNING] - Timeout '0' is invalid. Using default page load timeout: '30'

2022-12-21 03:59:02 - [MESSAGE][PASSED] - Text 'Zumba' has been set to element 'Object Repository/Booking1/Book4/android.widget.EditText (2)'

2022-12-21 03:59:02 - [TEST_STEP][PASSED] - tap(findTestObject("Object Repository/Booking1/Book4/android.widget.ImageView (1)"), 0): Tapped on element 'Object Repository/Booking1/Book4/android.widget.ImageView (1)'

2022-12-21 03:59:02 - [MESSAGE][WARNING] - Timeout '0' is invalid. Using default page load timeout: '30'

2022-12-21 03:59:03 - [MESSAGE][PASSED] - Tapped on element 'Object Repository/Booking1/Book4/android.widget.ImageView (1)'

2022-12-21 03:59:03 - [TEST_STEP][PASSED] - tap(findTestObject("Object Repository/Booking1/Book4/android.widget.Button (2)"), 0): Tapped on element 'Object Repository/Booking1/Book4/android.widget.Button (2)'

2022-12-21 03:59:03 - [MESSAGE][WARNING] - Timeout '0' is invalid. Using default page load timeout: '30'

2022-12-21 03:59:04 - [MESSAGE][PASSED] - Tapped on element 'Object Repository/Booking1/Book4/android.widget.Button (2)'

2022-12-21 03:59:04 - [TEST_STEP][PASSED] - tap(findTestObject("Object Repository/Booking1/Book4/android.widget.Button (3)"), 0): Tapped on element 'Object Repository/Booking1/Book4/android.widget.Button (3)'

2022-12-21 03:59:04 - [MESSAGE][WARNING] - Timeout '0' is invalid. Using default page load timeout: '30'

2022-12-21 03:59:05 - [MESSAGE][PASSED] - Tapped on element 'Object Repository/Booking1/Book4/android.widget.Button (3)'

2022-12-21 03:59:05 - [TEST_STEP][PASSED] - verifyElementText(findTestObject("Object Repository/Booking1/Book4/android.view.View (1)"), ""): Actual text and expected text of test object 'Object Repository/Booking1/Book4/android.view.View (1)' are matched.

2022-12-21 03:59:06 - [MESSAGE][PASSED] - Actual text and expected text of test object 'Object Repository/Booking1/Book4/android.view.View (1)' are matched.

2022-12-21 03:59:06 - [TEST_STEP][PASSED] - closeApplication(): Close app successfully

2022-12-21 03:59:07 - [MESSAGE][PASSED] - Close app successfully]]></system-out>
         <system-err><![CDATA[]]></system-err>
      </testcase>
      <testcase name="Test Cases/Booking/Offline/TC_BookingClassOffline_11" time="44.032" classname="Test Cases/Booking/Offline/TC_BookingClassOffline_11" status="PASSED">
         <system-out><![CDATA[2022-12-21 03:59:07 - [TEST_CASE][PASSED] - Test Cases/Booking/Offline/TC_BookingClassOffline_11: Test Cases/Booking/Offline/TC_BookingClassOffline_11

2022-12-21 03:59:08 - [TEST_STEP][PASSED] - startApplication("E:\SEMESTER 7\MBKM\Capstone Project\CICD\Aplikasi\Terbaru\app-release.apk", true): Started app at: 'E:\SEMESTER 7\MBKM\Capstone Project\CICD\Aplikasi\Terbaru\app-release.apk'

2022-12-21 03:59:08 - [MESSAGE][INFO] - Detected NodeJS location: "C:\Program Files\nodejs\node.exe"

2022-12-21 03:59:09 - [MESSAGE][INFO] - Appium server started on port 63,755

2022-12-21 03:59:28 - [MESSAGE][PASSED] - Started app at: 'E:\SEMESTER 7\MBKM\Capstone Project\CICD\Aplikasi\Terbaru\app-release.apk'

2022-12-21 03:59:28 - [TEST_STEP][PASSED] - tap(findTestObject("Object Repository/BookingOffline/Book5/android.view.View"), 0): Tapped on element 'Object Repository/BookingOffline/Book5/android.view.View'

2022-12-21 03:59:28 - [MESSAGE][WARNING] - Timeout '0' is invalid. Using default page load timeout: '30'

2022-12-21 03:59:30 - [MESSAGE][PASSED] - Tapped on element 'Object Repository/BookingOffline/Book5/android.view.View'

2022-12-21 03:59:30 - [TEST_STEP][PASSED] - tap(findTestObject("Object Repository/BookingOffline/Book5/android.widget.EditText - email address"), 0): Tapped on element 'Object Repository/BookingOffline/Book5/android.widget.EditText - email address'

2022-12-21 03:59:30 - [MESSAGE][WARNING] - Timeout '0' is invalid. Using default page load timeout: '30'

2022-12-21 03:59:31 - [MESSAGE][PASSED] - Tapped on element 'Object Repository/BookingOffline/Book5/android.widget.EditText - email address'

2022-12-21 03:59:31 - [TEST_STEP][PASSED] - setText(findTestObject("Object Repository/BookingOffline/Book5/android.widget.EditText"), "qe1@gmail.com", 0): Text 'qe1@gmail.com' has been set to element 'Object Repository/BookingOffline/Book5/android.widget.EditText'

2022-12-21 03:59:31 - [MESSAGE][WARNING] - Timeout '0' is invalid. Using default page load timeout: '30'

2022-12-21 03:59:33 - [MESSAGE][PASSED] - Text 'qe1@gmail.com' has been set to element 'Object Repository/BookingOffline/Book5/android.widget.EditText'

2022-12-21 03:59:33 - [TEST_STEP][PASSED] - tap(findTestObject("Object Repository/BookingOffline/Book5/android.widget.EditText - password"), 0): Tapped on element 'Object Repository/BookingOffline/Book5/android.widget.EditText - password'

2022-12-21 03:59:33 - [MESSAGE][WARNING] - Timeout '0' is invalid. Using default page load timeout: '30'

2022-12-21 03:59:33 - [MESSAGE][PASSED] - Tapped on element 'Object Repository/BookingOffline/Book5/android.widget.EditText - password'

2022-12-21 03:59:33 - [TEST_STEP][PASSED] - setText(findTestObject("Object Repository/BookingOffline/Book5/android.widget.EditText (1)"), "12344321", 0): Text '12344321' has been set to element 'Object Repository/BookingOffline/Book5/android.widget.EditText (1)'

2022-12-21 03:59:33 - [MESSAGE][WARNING] - Timeout '0' is invalid. Using default page load timeout: '30'

2022-12-21 03:59:34 - [MESSAGE][PASSED] - Text '12344321' has been set to element 'Object Repository/BookingOffline/Book5/android.widget.EditText (1)'

2022-12-21 03:59:34 - [TEST_STEP][PASSED] - hideKeyboard(): Keyboard is hidden

2022-12-21 03:59:37 - [MESSAGE][PASSED] - Keyboard is hidden

2022-12-21 03:59:37 - [TEST_STEP][PASSED] - tap(findTestObject("Object Repository/BookingOffline/Book5/android.widget.Button"), 0): Tapped on element 'Object Repository/BookingOffline/Book5/android.widget.Button'

2022-12-21 03:59:37 - [MESSAGE][WARNING] - Timeout '0' is invalid. Using default page load timeout: '30'

2022-12-21 03:59:38 - [MESSAGE][PASSED] - Tapped on element 'Object Repository/BookingOffline/Book5/android.widget.Button'

2022-12-21 03:59:38 - [TEST_STEP][PASSED] - tap(findTestObject("Object Repository/BookingOffline/Book5/android.widget.ImageView"), 0): Tapped on element 'Object Repository/BookingOffline/Book5/android.widget.ImageView'

2022-12-21 03:59:38 - [MESSAGE][WARNING] - Timeout '0' is invalid. Using default page load timeout: '30'

2022-12-21 03:59:40 - [MESSAGE][PASSED] - Tapped on element 'Object Repository/BookingOffline/Book5/android.widget.ImageView'

2022-12-21 03:59:40 - [TEST_STEP][PASSED] - tap(findTestObject("Object Repository/BookingOffline/Book5/android.widget.Button (1)"), 0): Tapped on element 'Object Repository/BookingOffline/Book5/android.widget.Button (1)'

2022-12-21 03:59:41 - [MESSAGE][WARNING] - Timeout '0' is invalid. Using default page load timeout: '30'

2022-12-21 03:59:42 - [MESSAGE][PASSED] - Tapped on element 'Object Repository/BookingOffline/Book5/android.widget.Button (1)'

2022-12-21 03:59:42 - [TEST_STEP][PASSED] - tap(findTestObject("Object Repository/BookingOffline/Book5/android.widget.EditText - Search"), 0): Tapped on element 'Object Repository/BookingOffline/Book5/android.widget.EditText - Search'

2022-12-21 03:59:42 - [MESSAGE][WARNING] - Timeout '0' is invalid. Using default page load timeout: '30'

2022-12-21 03:59:42 - [MESSAGE][PASSED] - Tapped on element 'Object Repository/BookingOffline/Book5/android.widget.EditText - Search'

2022-12-21 03:59:42 - [TEST_STEP][PASSED] - setText(findTestObject("Object Repository/BookingOffline/Book5/android.widget.EditText (2)"), "Zumba", 0): Text 'Zumba' has been set to element 'Object Repository/BookingOffline/Book5/android.widget.EditText (2)'

2022-12-21 03:59:42 - [MESSAGE][WARNING] - Timeout '0' is invalid. Using default page load timeout: '30'

2022-12-21 03:59:43 - [MESSAGE][PASSED] - Text 'Zumba' has been set to element 'Object Repository/BookingOffline/Book5/android.widget.EditText (2)'

2022-12-21 03:59:43 - [TEST_STEP][PASSED] - tap(findTestObject("Object Repository/BookingOffline/Book5/android.widget.ImageView (1)"), 0): Tapped on element 'Object Repository/BookingOffline/Book5/android.widget.ImageView (1)'

2022-12-21 03:59:44 - [MESSAGE][WARNING] - Timeout '0' is invalid. Using default page load timeout: '30'

2022-12-21 03:59:44 - [MESSAGE][PASSED] - Tapped on element 'Object Repository/BookingOffline/Book5/android.widget.ImageView (1)'

2022-12-21 03:59:44 - [TEST_STEP][PASSED] - tap(findTestObject("Object Repository/BookingOffline/Book5/android.widget.Button (2)"), 0): Tapped on element 'Object Repository/BookingOffline/Book5/android.widget.Button (2)'

2022-12-21 03:59:44 - [MESSAGE][WARNING] - Timeout '0' is invalid. Using default page load timeout: '30'

2022-12-21 03:59:46 - [MESSAGE][PASSED] - Tapped on element 'Object Repository/BookingOffline/Book5/android.widget.Button (2)'

2022-12-21 03:59:46 - [TEST_STEP][PASSED] - tap(findTestObject("Object Repository/BookingOffline/Book5/android.widget.Button (3)"), 0): Tapped on element 'Object Repository/BookingOffline/Book5/android.widget.Button (3)'

2022-12-21 03:59:46 - [MESSAGE][WARNING] - Timeout '0' is invalid. Using default page load timeout: '30'

2022-12-21 03:59:46 - [MESSAGE][PASSED] - Tapped on element 'Object Repository/BookingOffline/Book5/android.widget.Button (3)'

2022-12-21 03:59:46 - [TEST_STEP][PASSED] - tap(findTestObject("Object Repository/BookingOffline/Book5/android.widget.Button (4)"), 0): Tapped on element 'Object Repository/BookingOffline/Book5/android.widget.Button (4)'

2022-12-21 03:59:46 - [MESSAGE][WARNING] - Timeout '0' is invalid. Using default page load timeout: '30'

2022-12-21 03:59:48 - [MESSAGE][PASSED] - Tapped on element 'Object Repository/BookingOffline/Book5/android.widget.Button (4)'

2022-12-21 03:59:48 - [TEST_STEP][PASSED] - tap(findTestObject("Object Repository/BookingOffline/Book5/android.widget.Button (5)"), 0): Tapped on element 'Object Repository/BookingOffline/Book5/android.widget.Button (5)'

2022-12-21 03:59:48 - [MESSAGE][WARNING] - Timeout '0' is invalid. Using default page load timeout: '30'

2022-12-21 03:59:49 - [MESSAGE][PASSED] - Tapped on element 'Object Repository/BookingOffline/Book5/android.widget.Button (5)'

2022-12-21 03:59:49 - [TEST_STEP][PASSED] - tap(findTestObject("Object Repository/BookingOffline/Book5/android.widget.Button (6)"), 0): Tapped on element 'Object Repository/BookingOffline/Book5/android.widget.Button (6)'

2022-12-21 03:59:49 - [MESSAGE][WARNING] - Timeout '0' is invalid. Using default page load timeout: '30'

2022-12-21 03:59:50 - [MESSAGE][PASSED] - Tapped on element 'Object Repository/BookingOffline/Book5/android.widget.Button (6)'

2022-12-21 03:59:50 - [TEST_STEP][PASSED] - verifyElementText(findTestObject("Object Repository/BookingOffline/Book5/android.view.View (1)"), ""): Actual text and expected text of test object 'Object Repository/BookingOffline/Book5/android.view.View (1)' are matched.

2022-12-21 03:59:50 - [MESSAGE][PASSED] - Actual text and expected text of test object 'Object Repository/BookingOffline/Book5/android.view.View (1)' are matched.

2022-12-21 03:59:50 - [TEST_STEP][PASSED] - closeApplication(): Close app successfully

2022-12-21 03:59:51 - [MESSAGE][PASSED] - Close app successfully]]></system-out>
         <system-err><![CDATA[]]></system-err>
      </testcase>
      <system-out><![CDATA[2022-12-21 03:56:58 - [TEST_SUITE][PASSED] - OfflineClass: Test Cases/Booking/Offline/TC_BookingClassOffline_11]]></system-out>
      <system-err><![CDATA[]]></system-err>
   </testsuite>
</testsuites>
