<?xml version="1.0" encoding="UTF-8"?>
<testsuites name="Login" time="235.36" tests="1" failures="0" errors="0">
   <testsuite name="Login" tests="1" failures="0" errors="0" time="235.36" skipped="0" timestamp="2022-12-18 02:00:13" hostname="Asus - DESKTOP-SRK5D1D" id="Test Suites/Login">
      <properties>
         <property name="deviceName" value="Xiaomi Redmi Note 9 Pro (Android 11)"/>
         <property name="devicePlatform" value=""/>
         <property name="logFolder" value="E:\\SEMESTER 7\\MBKM\\Capstone Project\\CICD\\Mobile\\CapstoneWorkfitMobile\\Reports\\20221218_020006\\Login\\20221218_020006"/>
         <property name="logFiles" value="E:\\SEMESTER 7\\MBKM\\Capstone Project\\CICD\\Mobile\\CapstoneWorkfitMobile\\Reports\\20221218_020006\\Login\\20221218_020006\\appium.log, E:\\SEMESTER 7\\MBKM\\Capstone Project\\CICD\\Mobile\\CapstoneWorkfitMobile\\Reports\\20221218_020006\\Login\\20221218_020006\\execution0.log"/>
         <property name="attachments" value=""/>
         <property name="hostName" value="Asus - DESKTOP-SRK5D1D"/>
         <property name="os" value="Windows 10 64bit"/>
         <property name="appiumServerStatus" value="{&quot;value&quot;:{&quot;build&quot;:{&quot;version&quot;:&quot;1.22.3&quot;}},&quot;sessionId&quot;:null,&quot;status&quot;:0}"/>
         <property name="katalonVersion" value="8.3.0.208"/>
         <property name="deviceOS" value="Android"/>
         <property name="appiumVersion" value="1.22.3"/>
         <property name="deviceModel" value="Redmi Note 9 Pro"/>
         <property name="hostAddress" value="192.168.56.1"/>
         <property name="deviceManufacturer" value="Xiaomi"/>
         <property name="deviceId" value="9821f742"/>
         <property name="deviceName" value="Xiaomi Redmi Note 9 Pro (Android 11)"/>
         <property name="deviceOSVersion" value="11"/>
      </properties>
      <testcase name="Test Cases/Login/TC_Login" time="234.969" classname="Test Cases/Login/TC_Login" status="PASSED">
         <system-out><![CDATA[2022-12-18 02:00:13 - [TEST_CASE][PASSED] - Test Cases/Login/TC_Login: Test Cases/Login/TC_Login

2022-12-18 02:00:14 - [TEST_STEP][PASSED] - startApplication("E:\SEMESTER 7\MBKM\Capstone Project\CICD\Aplikasi\Terbaru\app-release.apk", true): Started app at: 'E:\SEMESTER 7\MBKM\Capstone Project\CICD\Aplikasi\Terbaru\app-release.apk'

2022-12-18 02:00:14 - [MESSAGE][INFO] - Detected NodeJS location: "C:\Program Files\nodejs\node.exe"

2022-12-18 02:00:16 - [MESSAGE][INFO] - Appium server started on port 56,810

2022-12-18 02:00:39 - [MESSAGE][PASSED] - Started app at: 'E:\SEMESTER 7\MBKM\Capstone Project\CICD\Aplikasi\Terbaru\app-release.apk'

2022-12-18 02:00:39 - [TEST_STEP][PASSED] - tap(findTestObject("Object Repository/Login/android.view.View"), 0): Tapped on element 'Object Repository/Login/android.view.View'

2022-12-18 02:00:39 - [MESSAGE][WARNING] - Timeout '0' is invalid. Using default page load timeout: '30'

2022-12-18 02:00:40 - [MESSAGE][PASSED] - Tapped on element 'Object Repository/Login/android.view.View'

2022-12-18 02:00:40 - [TEST_STEP][PASSED] - tap(findTestObject("Object Repository/Login/android.widget.EditText - email address"), 0): Tapped on element 'Object Repository/Login/android.widget.EditText - email address'

2022-12-18 02:00:40 - [MESSAGE][WARNING] - Timeout '0' is invalid. Using default page load timeout: '30'

2022-12-18 02:00:41 - [MESSAGE][PASSED] - Tapped on element 'Object Repository/Login/android.widget.EditText - email address'

2022-12-18 02:00:41 - [TEST_STEP][PASSED] - setText(findTestObject("Object Repository/Login/android.widget.EditText"), "qe1@gmail.com
", 0): Text 'qe1@gmail.com
' has been set to element 'Object Repository/Login/android.widget.EditText'

2022-12-18 02:00:41 - [MESSAGE][WARNING] - Timeout '0' is invalid. Using default page load timeout: '30'

2022-12-18 02:00:43 - [MESSAGE][PASSED] - Text 'qe1@gmail.com
' has been set to element 'Object Repository/Login/android.widget.EditText'

2022-12-18 02:00:43 - [TEST_STEP][PASSED] - tap(findTestObject("Object Repository/Login/android.widget.EditText - password"), 0): Tapped on element 'Object Repository/Login/android.widget.EditText - password'

2022-12-18 02:00:43 - [MESSAGE][WARNING] - Timeout '0' is invalid. Using default page load timeout: '30'

2022-12-18 02:00:43 - [MESSAGE][PASSED] - Tapped on element 'Object Repository/Login/android.widget.EditText - password'

2022-12-18 02:00:43 - [TEST_STEP][PASSED] - setText(findTestObject("Object Repository/Login/android.widget.EditText (1)"), "12344321", 0): Text '12344321' has been set to element 'Object Repository/Login/android.widget.EditText (1)'

2022-12-18 02:00:43 - [MESSAGE][WARNING] - Timeout '0' is invalid. Using default page load timeout: '30'

2022-12-18 02:00:44 - [MESSAGE][PASSED] - Text '12344321' has been set to element 'Object Repository/Login/android.widget.EditText (1)'

2022-12-18 02:00:44 - [TEST_STEP][PASSED] - hideKeyboard(): Keyboard is hidden

2022-12-18 02:00:47 - [MESSAGE][PASSED] - Keyboard is hidden

2022-12-18 02:00:47 - [TEST_STEP][PASSED] - tap(findTestObject("Object Repository/Login/android.widget.Button"), 0): Tapped on element 'Object Repository/Login/android.widget.Button'

2022-12-18 02:00:47 - [MESSAGE][WARNING] - Timeout '0' is invalid. Using default page load timeout: '30'

2022-12-18 02:00:48 - [MESSAGE][PASSED] - Tapped on element 'Object Repository/Login/android.widget.Button'

2022-12-18 02:00:48 - [TEST_STEP][PASSED] - verifyElementText(findTestObject("LoginFinal/android.view.View (1)"), ""): Actual text and expected text of test object 'Object Repository/LoginFinal/android.view.View (1)' are matched.

2022-12-18 02:00:49 - [MESSAGE][PASSED] - Actual text and expected text of test object 'Object Repository/LoginFinal/android.view.View (1)' are matched.

2022-12-18 02:00:49 - [TEST_STEP][PASSED] - closeApplication(): Close app successfully

2022-12-18 02:00:51 - [MESSAGE][PASSED] - Close app successfully

2022-12-18 02:00:51 - [TEST_STEP][PASSED] - startApplication("E:\SEMESTER 7\MBKM\Capstone Project\CICD\Aplikasi\Terbaru\app-release.apk", true): Started app at: 'E:\SEMESTER 7\MBKM\Capstone Project\CICD\Aplikasi\Terbaru\app-release.apk'

2022-12-18 02:00:51 - [MESSAGE][INFO] - Detected NodeJS location: "C:\Program Files\nodejs\node.exe"

2022-12-18 02:00:53 - [MESSAGE][INFO] - Appium server started on port 56,979

2022-12-18 02:01:13 - [MESSAGE][PASSED] - Started app at: 'E:\SEMESTER 7\MBKM\Capstone Project\CICD\Aplikasi\Terbaru\app-release.apk'

2022-12-18 02:01:13 - [TEST_STEP][PASSED] - tap(findTestObject("Object Repository/LoginInvalid/android.view.View"), 0): Tapped on element 'Object Repository/LoginInvalid/android.view.View'

2022-12-18 02:01:13 - [MESSAGE][WARNING] - Timeout '0' is invalid. Using default page load timeout: '30'

2022-12-18 02:01:15 - [MESSAGE][PASSED] - Tapped on element 'Object Repository/LoginInvalid/android.view.View'

2022-12-18 02:01:15 - [TEST_STEP][PASSED] - tap(findTestObject("Object Repository/LoginInvalid/android.widget.EditText - email address"), 0): Tapped on element 'Object Repository/LoginInvalid/android.widget.EditText - email address'

2022-12-18 02:01:16 - [MESSAGE][WARNING] - Timeout '0' is invalid. Using default page load timeout: '30'

2022-12-18 02:01:17 - [MESSAGE][PASSED] - Tapped on element 'Object Repository/LoginInvalid/android.widget.EditText - email address'

2022-12-18 02:01:17 - [TEST_STEP][PASSED] - setText(findTestObject("Object Repository/LoginInvalid/android.widget.EditText"), "qe@gmail.com", 0): Text 'qe@gmail.com' has been set to element 'Object Repository/LoginInvalid/android.widget.EditText'

2022-12-18 02:01:17 - [MESSAGE][WARNING] - Timeout '0' is invalid. Using default page load timeout: '30'

2022-12-18 02:01:18 - [MESSAGE][PASSED] - Text 'qe@gmail.com' has been set to element 'Object Repository/LoginInvalid/android.widget.EditText'

2022-12-18 02:01:18 - [TEST_STEP][PASSED] - tap(findTestObject("Object Repository/LoginInvalid/android.widget.EditText - password"), 0): Tapped on element 'Object Repository/LoginInvalid/android.widget.EditText - password'

2022-12-18 02:01:18 - [MESSAGE][WARNING] - Timeout '0' is invalid. Using default page load timeout: '30'

2022-12-18 02:01:19 - [MESSAGE][PASSED] - Tapped on element 'Object Repository/LoginInvalid/android.widget.EditText - password'

2022-12-18 02:01:19 - [TEST_STEP][PASSED] - setText(findTestObject("Object Repository/LoginInvalid/android.widget.EditText (1)"), "testing123", 0): Text 'testing123' has been set to element 'Object Repository/LoginInvalid/android.widget.EditText (1)'

2022-12-18 02:01:19 - [MESSAGE][WARNING] - Timeout '0' is invalid. Using default page load timeout: '30'

2022-12-18 02:01:19 - [MESSAGE][PASSED] - Text 'testing123' has been set to element 'Object Repository/LoginInvalid/android.widget.EditText (1)'

2022-12-18 02:01:19 - [TEST_STEP][PASSED] - hideKeyboard(): Keyboard is hidden

2022-12-18 02:01:22 - [MESSAGE][PASSED] - Keyboard is hidden

2022-12-18 02:01:22 - [TEST_STEP][PASSED] - tap(findTestObject("Object Repository/LoginInvalid/android.widget.Button"), 0): Tapped on element 'Object Repository/LoginInvalid/android.widget.Button'

2022-12-18 02:01:22 - [MESSAGE][WARNING] - Timeout '0' is invalid. Using default page load timeout: '30'

2022-12-18 02:01:23 - [MESSAGE][PASSED] - Tapped on element 'Object Repository/LoginInvalid/android.widget.Button'

2022-12-18 02:01:23 - [TEST_STEP][PASSED] - verifyElementText(findTestObject("Object Repository/LoginInvalid/android.view.View (1)"), ""): Actual text and expected text of test object 'Object Repository/LoginInvalid/android.view.View (1)' are matched.

2022-12-18 02:01:24 - [MESSAGE][PASSED] - Actual text and expected text of test object 'Object Repository/LoginInvalid/android.view.View (1)' are matched.

2022-12-18 02:01:24 - [TEST_STEP][PASSED] - closeApplication(): Close app successfully

2022-12-18 02:01:26 - [MESSAGE][PASSED] - Close app successfully

2022-12-18 02:01:26 - [TEST_STEP][PASSED] - startApplication("E:\SEMESTER 7\MBKM\Capstone Project\CICD\Aplikasi\Terbaru\app-release.apk", true): Started app at: 'E:\SEMESTER 7\MBKM\Capstone Project\CICD\Aplikasi\Terbaru\app-release.apk'

2022-12-18 02:01:26 - [MESSAGE][INFO] - Detected NodeJS location: "C:\Program Files\nodejs\node.exe"

2022-12-18 02:01:27 - [MESSAGE][INFO] - Appium server started on port 57,136

2022-12-18 02:01:46 - [MESSAGE][PASSED] - Started app at: 'E:\SEMESTER 7\MBKM\Capstone Project\CICD\Aplikasi\Terbaru\app-release.apk'

2022-12-18 02:01:46 - [TEST_STEP][PASSED] - tap(findTestObject("Object Repository/LoginInvalid/android.view.View"), 0): Tapped on element 'Object Repository/LoginInvalid/android.view.View'

2022-12-18 02:01:46 - [MESSAGE][WARNING] - Timeout '0' is invalid. Using default page load timeout: '30'

2022-12-18 02:01:48 - [MESSAGE][PASSED] - Tapped on element 'Object Repository/LoginInvalid/android.view.View'

2022-12-18 02:01:48 - [TEST_STEP][PASSED] - tap(findTestObject("Object Repository/LoginInvalid/android.widget.EditText - email address"), 0): Tapped on element 'Object Repository/LoginInvalid/android.widget.EditText - email address'

2022-12-18 02:01:48 - [MESSAGE][WARNING] - Timeout '0' is invalid. Using default page load timeout: '30'

2022-12-18 02:01:49 - [MESSAGE][PASSED] - Tapped on element 'Object Repository/LoginInvalid/android.widget.EditText - email address'

2022-12-18 02:01:49 - [TEST_STEP][PASSED] - setText(findTestObject("Object Repository/LoginInvalid/android.widget.EditText"), "qe1@gmail.com", 0): Text 'qe1@gmail.com' has been set to element 'Object Repository/LoginInvalid/android.widget.EditText'

2022-12-18 02:01:49 - [MESSAGE][WARNING] - Timeout '0' is invalid. Using default page load timeout: '30'

2022-12-18 02:01:51 - [MESSAGE][PASSED] - Text 'qe1@gmail.com' has been set to element 'Object Repository/LoginInvalid/android.widget.EditText'

2022-12-18 02:01:51 - [TEST_STEP][PASSED] - tap(findTestObject("Object Repository/LoginInvalid/android.widget.EditText - password"), 0): Tapped on element 'Object Repository/LoginInvalid/android.widget.EditText - password'

2022-12-18 02:01:51 - [MESSAGE][WARNING] - Timeout '0' is invalid. Using default page load timeout: '30'

2022-12-18 02:01:51 - [MESSAGE][PASSED] - Tapped on element 'Object Repository/LoginInvalid/android.widget.EditText - password'

2022-12-18 02:01:51 - [TEST_STEP][PASSED] - setText(findTestObject("Object Repository/LoginInvalid/android.widget.EditText (1)"), "manusia", 0): Text 'manusia' has been set to element 'Object Repository/LoginInvalid/android.widget.EditText (1)'

2022-12-18 02:01:51 - [MESSAGE][WARNING] - Timeout '0' is invalid. Using default page load timeout: '30'

2022-12-18 02:01:52 - [MESSAGE][PASSED] - Text 'manusia' has been set to element 'Object Repository/LoginInvalid/android.widget.EditText (1)'

2022-12-18 02:01:52 - [TEST_STEP][PASSED] - hideKeyboard(): Keyboard is hidden

2022-12-18 02:01:55 - [MESSAGE][PASSED] - Keyboard is hidden

2022-12-18 02:01:55 - [TEST_STEP][PASSED] - tap(findTestObject("Object Repository/LoginInvalid/android.widget.Button"), 0): Tapped on element 'Object Repository/LoginInvalid/android.widget.Button'

2022-12-18 02:01:55 - [MESSAGE][WARNING] - Timeout '0' is invalid. Using default page load timeout: '30'

2022-12-18 02:01:56 - [MESSAGE][PASSED] - Tapped on element 'Object Repository/LoginInvalid/android.widget.Button'

2022-12-18 02:01:56 - [TEST_STEP][PASSED] - verifyElementText(findTestObject("Object Repository/LoginInvalid/android.view.View (1)"), ""): Actual text and expected text of test object 'Object Repository/LoginInvalid/android.view.View (1)' are matched.

2022-12-18 02:01:57 - [MESSAGE][PASSED] - Actual text and expected text of test object 'Object Repository/LoginInvalid/android.view.View (1)' are matched.

2022-12-18 02:01:57 - [TEST_STEP][PASSED] - closeApplication(): Close app successfully

2022-12-18 02:01:58 - [MESSAGE][PASSED] - Close app successfully

2022-12-18 02:01:58 - [TEST_STEP][PASSED] - startApplication("E:\SEMESTER 7\MBKM\Capstone Project\CICD\Aplikasi\Terbaru\app-release.apk", true): Started app at: 'E:\SEMESTER 7\MBKM\Capstone Project\CICD\Aplikasi\Terbaru\app-release.apk'

2022-12-18 02:01:59 - [MESSAGE][INFO] - Detected NodeJS location: "C:\Program Files\nodejs\node.exe"

2022-12-18 02:02:00 - [MESSAGE][INFO] - Appium server started on port 57,289

2022-12-18 02:02:19 - [MESSAGE][PASSED] - Started app at: 'E:\SEMESTER 7\MBKM\Capstone Project\CICD\Aplikasi\Terbaru\app-release.apk'

2022-12-18 02:02:19 - [TEST_STEP][PASSED] - tap(findTestObject("Object Repository/LoginInvalid/android.view.View"), 0): Tapped on element 'Object Repository/LoginInvalid/android.view.View'

2022-12-18 02:02:19 - [MESSAGE][WARNING] - Timeout '0' is invalid. Using default page load timeout: '30'

2022-12-18 02:02:21 - [MESSAGE][PASSED] - Tapped on element 'Object Repository/LoginInvalid/android.view.View'

2022-12-18 02:02:21 - [TEST_STEP][PASSED] - tap(findTestObject("Object Repository/LoginInvalid/android.widget.EditText - email address"), 0): Tapped on element 'Object Repository/LoginInvalid/android.widget.EditText - email address'

2022-12-18 02:02:21 - [MESSAGE][WARNING] - Timeout '0' is invalid. Using default page load timeout: '30'

2022-12-18 02:02:22 - [MESSAGE][PASSED] - Tapped on element 'Object Repository/LoginInvalid/android.widget.EditText - email address'

2022-12-18 02:02:22 - [TEST_STEP][PASSED] - setText(findTestObject("Object Repository/LoginInvalid/android.widget.EditText"), "cynthia.pardede@gmail.com", 0): Text 'cynthia.pardede@gmail.com' has been set to element 'Object Repository/LoginInvalid/android.widget.EditText'

2022-12-18 02:02:22 - [MESSAGE][WARNING] - Timeout '0' is invalid. Using default page load timeout: '30'

2022-12-18 02:02:23 - [MESSAGE][PASSED] - Text 'cynthia.pardede@gmail.com' has been set to element 'Object Repository/LoginInvalid/android.widget.EditText'

2022-12-18 02:02:23 - [TEST_STEP][PASSED] - tap(findTestObject("Object Repository/LoginInvalid/android.widget.EditText - password"), 0): Tapped on element 'Object Repository/LoginInvalid/android.widget.EditText - password'

2022-12-18 02:02:24 - [MESSAGE][WARNING] - Timeout '0' is invalid. Using default page load timeout: '30'

2022-12-18 02:02:24 - [MESSAGE][PASSED] - Tapped on element 'Object Repository/LoginInvalid/android.widget.EditText - password'

2022-12-18 02:02:24 - [TEST_STEP][PASSED] - setText(findTestObject("Object Repository/LoginInvalid/android.widget.EditText (1)"), "manusia", 0): Text 'manusia' has been set to element 'Object Repository/LoginInvalid/android.widget.EditText (1)'

2022-12-18 02:02:24 - [MESSAGE][WARNING] - Timeout '0' is invalid. Using default page load timeout: '30'

2022-12-18 02:02:25 - [MESSAGE][PASSED] - Text 'manusia' has been set to element 'Object Repository/LoginInvalid/android.widget.EditText (1)'

2022-12-18 02:02:25 - [TEST_STEP][PASSED] - hideKeyboard(): Keyboard is hidden

2022-12-18 02:02:28 - [MESSAGE][PASSED] - Keyboard is hidden

2022-12-18 02:02:28 - [TEST_STEP][PASSED] - tap(findTestObject("Object Repository/LoginInvalid/android.widget.Button"), 0): Tapped on element 'Object Repository/LoginInvalid/android.widget.Button'

2022-12-18 02:02:28 - [MESSAGE][WARNING] - Timeout '0' is invalid. Using default page load timeout: '30'

2022-12-18 02:02:29 - [MESSAGE][PASSED] - Tapped on element 'Object Repository/LoginInvalid/android.widget.Button'

2022-12-18 02:02:29 - [TEST_STEP][PASSED] - verifyElementText(findTestObject("Object Repository/LoginInvalid/android.view.View (1)"), ""): Actual text and expected text of test object 'Object Repository/LoginInvalid/android.view.View (1)' are matched.

2022-12-18 02:02:30 - [MESSAGE][PASSED] - Actual text and expected text of test object 'Object Repository/LoginInvalid/android.view.View (1)' are matched.

2022-12-18 02:02:30 - [TEST_STEP][PASSED] - closeApplication(): Close app successfully

2022-12-18 02:02:32 - [MESSAGE][PASSED] - Close app successfully

2022-12-18 02:02:32 - [TEST_STEP][PASSED] - startApplication("E:\SEMESTER 7\MBKM\Capstone Project\CICD\Aplikasi\Terbaru\app-release.apk", true): Started app at: 'E:\SEMESTER 7\MBKM\Capstone Project\CICD\Aplikasi\Terbaru\app-release.apk'

2022-12-18 02:02:32 - [MESSAGE][INFO] - Detected NodeJS location: "C:\Program Files\nodejs\node.exe"

2022-12-18 02:02:33 - [MESSAGE][INFO] - Appium server started on port 57,440

2022-12-18 02:02:53 - [MESSAGE][PASSED] - Started app at: 'E:\SEMESTER 7\MBKM\Capstone Project\CICD\Aplikasi\Terbaru\app-release.apk'

2022-12-18 02:02:53 - [TEST_STEP][PASSED] - tap(findTestObject("Object Repository/LoginInvalid2/android.view.View"), 0): Tapped on element 'Object Repository/LoginInvalid2/android.view.View'

2022-12-18 02:02:53 - [MESSAGE][WARNING] - Timeout '0' is invalid. Using default page load timeout: '30'

2022-12-18 02:02:55 - [MESSAGE][PASSED] - Tapped on element 'Object Repository/LoginInvalid2/android.view.View'

2022-12-18 02:02:55 - [TEST_STEP][PASSED] - tap(findTestObject("Object Repository/LoginInvalid2/android.widget.EditText - email address"), 0): Tapped on element 'Object Repository/LoginInvalid2/android.widget.EditText - email address'

2022-12-18 02:02:55 - [MESSAGE][WARNING] - Timeout '0' is invalid. Using default page load timeout: '30'

2022-12-18 02:02:56 - [MESSAGE][PASSED] - Tapped on element 'Object Repository/LoginInvalid2/android.widget.EditText - email address'

2022-12-18 02:02:56 - [TEST_STEP][PASSED] - hideKeyboard(): Keyboard is hidden

2022-12-18 02:02:59 - [MESSAGE][PASSED] - Keyboard is hidden

2022-12-18 02:02:59 - [TEST_STEP][PASSED] - tap(findTestObject("Object Repository/LoginInvalid2/android.widget.EditText - password"), 0): Tapped on element 'Object Repository/LoginInvalid2/android.widget.EditText - password'

2022-12-18 02:02:59 - [MESSAGE][WARNING] - Timeout '0' is invalid. Using default page load timeout: '30'

2022-12-18 02:02:59 - [MESSAGE][PASSED] - Tapped on element 'Object Repository/LoginInvalid2/android.widget.EditText - password'

2022-12-18 02:02:59 - [TEST_STEP][PASSED] - hideKeyboard(): Keyboard is hidden

2022-12-18 02:03:02 - [MESSAGE][PASSED] - Keyboard is hidden

2022-12-18 02:03:02 - [TEST_STEP][PASSED] - tap(findTestObject("Object Repository/LoginInvalid2/android.widget.Button"), 0): Tapped on element 'Object Repository/LoginInvalid2/android.widget.Button'

2022-12-18 02:03:02 - [MESSAGE][WARNING] - Timeout '0' is invalid. Using default page load timeout: '30'

2022-12-18 02:03:03 - [MESSAGE][PASSED] - Tapped on element 'Object Repository/LoginInvalid2/android.widget.Button'

2022-12-18 02:03:03 - [TEST_STEP][PASSED] - verifyElementText(findTestObject("Object Repository/LoginInvalid2/android.view.View (1)"), ""): Actual text and expected text of test object 'Object Repository/LoginInvalid2/android.view.View (1)' are matched.

2022-12-18 02:03:03 - [MESSAGE][PASSED] - Actual text and expected text of test object 'Object Repository/LoginInvalid2/android.view.View (1)' are matched.

2022-12-18 02:03:03 - [TEST_STEP][PASSED] - closeApplication(): Close app successfully

2022-12-18 02:03:05 - [MESSAGE][PASSED] - Close app successfully

2022-12-18 02:03:05 - [TEST_STEP][PASSED] - startApplication("E:\SEMESTER 7\MBKM\Capstone Project\CICD\Aplikasi\Terbaru\app-release.apk", true): Started app at: 'E:\SEMESTER 7\MBKM\Capstone Project\CICD\Aplikasi\Terbaru\app-release.apk'

2022-12-18 02:03:05 - [MESSAGE][INFO] - Detected NodeJS location: "C:\Program Files\nodejs\node.exe"

2022-12-18 02:03:06 - [MESSAGE][INFO] - Appium server started on port 57,623

2022-12-18 02:03:27 - [MESSAGE][PASSED] - Started app at: 'E:\SEMESTER 7\MBKM\Capstone Project\CICD\Aplikasi\Terbaru\app-release.apk'

2022-12-18 02:03:27 - [TEST_STEP][PASSED] - tap(findTestObject("Object Repository/LoginInvalid4/android.view.View"), 0): Tapped on element 'Object Repository/LoginInvalid4/android.view.View'

2022-12-18 02:03:27 - [MESSAGE][WARNING] - Timeout '0' is invalid. Using default page load timeout: '30'

2022-12-18 02:03:28 - [MESSAGE][PASSED] - Tapped on element 'Object Repository/LoginInvalid4/android.view.View'

2022-12-18 02:03:28 - [TEST_STEP][PASSED] - tap(findTestObject("Object Repository/LoginInvalid4/android.widget.EditText - email address"), 0): Tapped on element 'Object Repository/LoginInvalid4/android.widget.EditText - email address'

2022-12-18 02:03:28 - [MESSAGE][WARNING] - Timeout '0' is invalid. Using default page load timeout: '30'

2022-12-18 02:03:29 - [MESSAGE][PASSED] - Tapped on element 'Object Repository/LoginInvalid4/android.widget.EditText - email address'

2022-12-18 02:03:29 - [TEST_STEP][PASSED] - setText(findTestObject("Object Repository/LoginInvalid4/android.widget.EditText"), "qe1@gmail.com", 0): Text 'qe1@gmail.com' has been set to element 'Object Repository/LoginInvalid4/android.widget.EditText'

2022-12-18 02:03:29 - [MESSAGE][WARNING] - Timeout '0' is invalid. Using default page load timeout: '30'

2022-12-18 02:03:30 - [MESSAGE][PASSED] - Text 'qe1@gmail.com' has been set to element 'Object Repository/LoginInvalid4/android.widget.EditText'

2022-12-18 02:03:30 - [TEST_STEP][PASSED] - hideKeyboard(): Keyboard is hidden

2022-12-18 02:03:33 - [MESSAGE][PASSED] - Keyboard is hidden

2022-12-18 02:03:33 - [TEST_STEP][PASSED] - tap(findTestObject("Object Repository/LoginInvalid4/android.widget.Button"), 0): Tapped on element 'Object Repository/LoginInvalid4/android.widget.Button'

2022-12-18 02:03:34 - [MESSAGE][WARNING] - Timeout '0' is invalid. Using default page load timeout: '30'

2022-12-18 02:03:34 - [MESSAGE][PASSED] - Tapped on element 'Object Repository/LoginInvalid4/android.widget.Button'

2022-12-18 02:03:34 - [TEST_STEP][PASSED] - verifyElementText(findTestObject("Object Repository/LoginInvalid4/android.view.View (1)"), ""): Actual text and expected text of test object 'Object Repository/LoginInvalid4/android.view.View (1)' are matched.

2022-12-18 02:03:35 - [MESSAGE][PASSED] - Actual text and expected text of test object 'Object Repository/LoginInvalid4/android.view.View (1)' are matched.

2022-12-18 02:03:35 - [TEST_STEP][PASSED] - closeApplication(): Close app successfully

2022-12-18 02:03:36 - [MESSAGE][PASSED] - Close app successfully

2022-12-18 02:03:36 - [TEST_STEP][PASSED] - startApplication("E:\SEMESTER 7\MBKM\Capstone Project\CICD\Aplikasi\Terbaru\app-release.apk", true): Started app at: 'E:\SEMESTER 7\MBKM\Capstone Project\CICD\Aplikasi\Terbaru\app-release.apk'

2022-12-18 02:03:36 - [MESSAGE][INFO] - Detected NodeJS location: "C:\Program Files\nodejs\node.exe"

2022-12-18 02:03:37 - [MESSAGE][INFO] - Appium server started on port 57,776

2022-12-18 02:03:57 - [MESSAGE][PASSED] - Started app at: 'E:\SEMESTER 7\MBKM\Capstone Project\CICD\Aplikasi\Terbaru\app-release.apk'

2022-12-18 02:03:57 - [TEST_STEP][PASSED] - tap(findTestObject("Object Repository/LoginInvalid3/android.view.View"), 0): Tapped on element 'Object Repository/LoginInvalid3/android.view.View'

2022-12-18 02:03:57 - [MESSAGE][WARNING] - Timeout '0' is invalid. Using default page load timeout: '30'

2022-12-18 02:03:59 - [MESSAGE][PASSED] - Tapped on element 'Object Repository/LoginInvalid3/android.view.View'

2022-12-18 02:03:59 - [TEST_STEP][PASSED] - tap(findTestObject("Object Repository/LoginInvalid3/android.widget.EditText - password"), 0): Tapped on element 'Object Repository/LoginInvalid3/android.widget.EditText - password'

2022-12-18 02:03:59 - [MESSAGE][WARNING] - Timeout '0' is invalid. Using default page load timeout: '30'

2022-12-18 02:04:01 - [MESSAGE][PASSED] - Tapped on element 'Object Repository/LoginInvalid3/android.widget.EditText - password'

2022-12-18 02:04:01 - [TEST_STEP][PASSED] - setText(findTestObject("Object Repository/LoginInvalid3/android.widget.EditText"), "testing123", 0): Text 'testing123' has been set to element 'Object Repository/LoginInvalid3/android.widget.EditText'

2022-12-18 02:04:01 - [MESSAGE][WARNING] - Timeout '0' is invalid. Using default page load timeout: '30'

2022-12-18 02:04:02 - [MESSAGE][PASSED] - Text 'testing123' has been set to element 'Object Repository/LoginInvalid3/android.widget.EditText'

2022-12-18 02:04:02 - [TEST_STEP][PASSED] - hideKeyboard(): Keyboard is hidden

2022-12-18 02:04:05 - [MESSAGE][PASSED] - Keyboard is hidden

2022-12-18 02:04:05 - [TEST_STEP][PASSED] - tap(findTestObject("Object Repository/LoginInvalid3/android.widget.Button"), 0): Tapped on element 'Object Repository/LoginInvalid3/android.widget.Button'

2022-12-18 02:04:05 - [MESSAGE][WARNING] - Timeout '0' is invalid. Using default page load timeout: '30'

2022-12-18 02:04:06 - [MESSAGE][PASSED] - Tapped on element 'Object Repository/LoginInvalid3/android.widget.Button'

2022-12-18 02:04:06 - [TEST_STEP][PASSED] - verifyElementText(findTestObject("Object Repository/LoginInvalid3/android.view.View (1)"), ""): Actual text and expected text of test object 'Object Repository/LoginInvalid3/android.view.View (1)' are matched.

2022-12-18 02:04:07 - [MESSAGE][PASSED] - Actual text and expected text of test object 'Object Repository/LoginInvalid3/android.view.View (1)' are matched.

2022-12-18 02:04:07 - [TEST_STEP][PASSED] - closeApplication(): Close app successfully

2022-12-18 02:04:08 - [MESSAGE][PASSED] - Close app successfully]]></system-out>
         <system-err><![CDATA[]]></system-err>
      </testcase>
      <system-out><![CDATA[2022-12-18 02:00:13 - [TEST_SUITE][PASSED] - Login: Test Cases/Login/TC_Login]]></system-out>
      <system-err><![CDATA[]]></system-err>
   </testsuite>
</testsuites>
