<?xml version="1.0" encoding="UTF-8"?>
<testsuites name="OnlineClass" time="175.536" tests="4" failures="0" errors="0">
   <testsuite name="OnlineClass" tests="4" failures="0" errors="0" time="175.536" skipped="0" timestamp="2022-12-21 04:14:55" hostname="Asus - DESKTOP-SRK5D1D" id="Test Suites/OnlineClass">
      <properties>
         <property name="deviceName" value="Xiaomi Redmi Note 9 Pro (Android 11)"/>
         <property name="devicePlatform" value=""/>
         <property name="logFolder" value="E:\\SEMESTER 7\\MBKM\\Capstone Project\\CICD\\Mobile\\CapstoneWorkfitMobile\\Reports\\20221221_041437\\OnlineClass\\20221221_041437"/>
         <property name="logFiles" value="E:\\SEMESTER 7\\MBKM\\Capstone Project\\CICD\\Mobile\\CapstoneWorkfitMobile\\Reports\\20221221_041437\\OnlineClass\\20221221_041437\\appium.log, E:\\SEMESTER 7\\MBKM\\Capstone Project\\CICD\\Mobile\\CapstoneWorkfitMobile\\Reports\\20221221_041437\\OnlineClass\\20221221_041437\\execution0.log"/>
         <property name="attachments" value=""/>
         <property name="hostName" value="Asus - DESKTOP-SRK5D1D"/>
         <property name="os" value="Windows 10 64bit"/>
         <property name="appiumServerStatus" value="{&quot;value&quot;:{&quot;build&quot;:{&quot;version&quot;:&quot;1.22.3&quot;}},&quot;sessionId&quot;:null,&quot;status&quot;:0}"/>
         <property name="katalonVersion" value="8.3.0.208"/>
         <property name="deviceOS" value="Android"/>
         <property name="appiumVersion" value="1.22.3"/>
         <property name="deviceModel" value="Redmi Note 9 Pro"/>
         <property name="hostAddress" value="192.168.56.1"/>
         <property name="deviceManufacturer" value="Xiaomi"/>
         <property name="deviceId" value="9821f742"/>
         <property name="deviceName" value="Xiaomi Redmi Note 9 Pro (Android 11)"/>
         <property name="deviceOSVersion" value="11"/>
      </properties>
      <testcase name="Test Cases/Booking/Online/TC_BookingClassOnline" time="45.312" classname="Test Cases/Booking/Online/TC_BookingClassOnline" status="PASSED">
         <system-out><![CDATA[2022-12-21 04:14:55 - [TEST_CASE][PASSED] - Test Cases/Booking/Online/TC_BookingClassOnline: Test Cases/Booking/Online/TC_BookingClassOnline

2022-12-21 04:14:56 - [TEST_STEP][PASSED] - startApplication("E:\SEMESTER 7\MBKM\Capstone Project\CICD\Aplikasi\Terbaru\app-release.apk", true): Started app at: 'E:\SEMESTER 7\MBKM\Capstone Project\CICD\Aplikasi\Terbaru\app-release.apk'

2022-12-21 04:14:56 - [MESSAGE][INFO] - Detected NodeJS location: "C:\Program Files\nodejs\node.exe"

2022-12-21 04:14:57 - [MESSAGE][INFO] - Appium server started on port 64,900

2022-12-21 04:15:21 - [MESSAGE][PASSED] - Started app at: 'E:\SEMESTER 7\MBKM\Capstone Project\CICD\Aplikasi\Terbaru\app-release.apk'

2022-12-21 04:15:21 - [TEST_STEP][PASSED] - tap(findTestObject("Object Repository/BookingOnline/Book1/android.view.View"), 0): Tapped on element 'Object Repository/BookingOnline/Book1/android.view.View'

2022-12-21 04:15:21 - [MESSAGE][WARNING] - Timeout '0' is invalid. Using default page load timeout: '30'

2022-12-21 04:15:22 - [MESSAGE][PASSED] - Tapped on element 'Object Repository/BookingOnline/Book1/android.view.View'

2022-12-21 04:15:22 - [TEST_STEP][PASSED] - tap(findTestObject("Object Repository/BookingOnline/Book1/android.widget.EditText - email address"), 0): Tapped on element 'Object Repository/BookingOnline/Book1/android.widget.EditText - email address'

2022-12-21 04:15:22 - [MESSAGE][WARNING] - Timeout '0' is invalid. Using default page load timeout: '30'

2022-12-21 04:15:24 - [MESSAGE][PASSED] - Tapped on element 'Object Repository/BookingOnline/Book1/android.widget.EditText - email address'

2022-12-21 04:15:24 - [TEST_STEP][PASSED] - setText(findTestObject("Object Repository/BookingOnline/Book1/android.widget.EditText"), "qe1@gmail.com", 0): Text 'qe1@gmail.com' has been set to element 'Object Repository/BookingOnline/Book1/android.widget.EditText'

2022-12-21 04:15:25 - [MESSAGE][WARNING] - Timeout '0' is invalid. Using default page load timeout: '30'

2022-12-21 04:15:25 - [MESSAGE][PASSED] - Text 'qe1@gmail.com' has been set to element 'Object Repository/BookingOnline/Book1/android.widget.EditText'

2022-12-21 04:15:25 - [TEST_STEP][PASSED] - tap(findTestObject("Object Repository/BookingOnline/Book1/android.widget.EditText - password"), 0): Tapped on element 'Object Repository/BookingOnline/Book1/android.widget.EditText - password'

2022-12-21 04:15:25 - [MESSAGE][WARNING] - Timeout '0' is invalid. Using default page load timeout: '30'

2022-12-21 04:15:26 - [MESSAGE][PASSED] - Tapped on element 'Object Repository/BookingOnline/Book1/android.widget.EditText - password'

2022-12-21 04:15:26 - [TEST_STEP][PASSED] - setText(findTestObject("Object Repository/BookingOnline/Book1/android.widget.EditText (1)"), "12344321", 0): Text '12344321' has been set to element 'Object Repository/BookingOnline/Book1/android.widget.EditText (1)'

2022-12-21 04:15:26 - [MESSAGE][WARNING] - Timeout '0' is invalid. Using default page load timeout: '30'

2022-12-21 04:15:27 - [MESSAGE][PASSED] - Text '12344321' has been set to element 'Object Repository/BookingOnline/Book1/android.widget.EditText (1)'

2022-12-21 04:15:27 - [TEST_STEP][PASSED] - hideKeyboard(): Keyboard is hidden

2022-12-21 04:15:30 - [MESSAGE][PASSED] - Keyboard is hidden

2022-12-21 04:15:30 - [TEST_STEP][PASSED] - tap(findTestObject("Object Repository/BookingOnline/Book1/android.widget.Button"), 0): Tapped on element 'Object Repository/BookingOnline/Book1/android.widget.Button'

2022-12-21 04:15:30 - [MESSAGE][WARNING] - Timeout '0' is invalid. Using default page load timeout: '30'

2022-12-21 04:15:31 - [MESSAGE][PASSED] - Tapped on element 'Object Repository/BookingOnline/Book1/android.widget.Button'

2022-12-21 04:15:31 - [TEST_STEP][PASSED] - tap(findTestObject("Object Repository/BookingOnline/Book1/android.widget.ImageView"), 0): Tapped on element 'Object Repository/BookingOnline/Book1/android.widget.ImageView'

2022-12-21 04:15:31 - [MESSAGE][WARNING] - Timeout '0' is invalid. Using default page load timeout: '30'

2022-12-21 04:15:33 - [MESSAGE][PASSED] - Tapped on element 'Object Repository/BookingOnline/Book1/android.widget.ImageView'

2022-12-21 04:15:33 - [TEST_STEP][PASSED] - tap(findTestObject("Object Repository/BookingOnline/Book1/android.widget.Button (1)"), 0): Tapped on element 'Object Repository/BookingOnline/Book1/android.widget.Button (1)'

2022-12-21 04:15:33 - [MESSAGE][WARNING] - Timeout '0' is invalid. Using default page load timeout: '30'

2022-12-21 04:15:34 - [MESSAGE][PASSED] - Tapped on element 'Object Repository/BookingOnline/Book1/android.widget.Button (1)'

2022-12-21 04:15:34 - [TEST_STEP][PASSED] - tap(findTestObject("Object Repository/BookingOnline/Book1/android.view.View (1)"), 0): Tapped on element 'Object Repository/BookingOnline/Book1/android.view.View (1)'

2022-12-21 04:15:34 - [MESSAGE][WARNING] - Timeout '0' is invalid. Using default page load timeout: '30'

2022-12-21 04:15:35 - [MESSAGE][PASSED] - Tapped on element 'Object Repository/BookingOnline/Book1/android.view.View (1)'

2022-12-21 04:15:35 - [TEST_STEP][PASSED] - tap(findTestObject("Object Repository/BookingOnline/Book1/android.view.View (2)"), 0): Tapped on element 'Object Repository/BookingOnline/Book1/android.view.View (2)'

2022-12-21 04:15:36 - [MESSAGE][WARNING] - Timeout '0' is invalid. Using default page load timeout: '30'

2022-12-21 04:15:36 - [MESSAGE][PASSED] - Tapped on element 'Object Repository/BookingOnline/Book1/android.view.View (2)'

2022-12-21 04:15:36 - [TEST_STEP][PASSED] - tap(findTestObject("Object Repository/BookingOnline/Book1/android.widget.Button (2)"), 0): Tapped on element 'Object Repository/BookingOnline/Book1/android.widget.Button (2)'

2022-12-21 04:15:36 - [MESSAGE][WARNING] - Timeout '0' is invalid. Using default page load timeout: '30'

2022-12-21 04:15:37 - [MESSAGE][PASSED] - Tapped on element 'Object Repository/BookingOnline/Book1/android.widget.Button (2)'

2022-12-21 04:15:37 - [TEST_STEP][PASSED] - tap(findTestObject("Object Repository/BookingOnline/Book1/android.widget.Button (3)"), 0): Tapped on element 'Object Repository/BookingOnline/Book1/android.widget.Button (3)'

2022-12-21 04:15:37 - [MESSAGE][WARNING] - Timeout '0' is invalid. Using default page load timeout: '30'

2022-12-21 04:15:38 - [MESSAGE][PASSED] - Tapped on element 'Object Repository/BookingOnline/Book1/android.widget.Button (3)'

2022-12-21 04:15:38 - [TEST_STEP][PASSED] - verifyElementText(findTestObject("Object Repository/BookingOnline/Book1/android.view.View (3)"), ""): Actual text and expected text of test object 'Object Repository/BookingOnline/Book1/android.view.View (3)' are matched.

2022-12-21 04:15:39 - [MESSAGE][PASSED] - Actual text and expected text of test object 'Object Repository/BookingOnline/Book1/android.view.View (3)' are matched.

2022-12-21 04:15:39 - [TEST_STEP][PASSED] - closeApplication(): Close app successfully

2022-12-21 04:15:41 - [MESSAGE][PASSED] - Close app successfully]]></system-out>
         <system-err><![CDATA[]]></system-err>
      </testcase>
      <testcase name="Test Cases/Booking/Online/TC_BookingClassOnline_02" time="44.876" classname="Test Cases/Booking/Online/TC_BookingClassOnline_02" status="PASSED">
         <system-out><![CDATA[2022-12-21 04:15:41 - [TEST_CASE][PASSED] - Test Cases/Booking/Online/TC_BookingClassOnline_02: Test Cases/Booking/Online/TC_BookingClassOnline_02

2022-12-21 04:15:41 - [TEST_STEP][PASSED] - startApplication("E:\SEMESTER 7\MBKM\Capstone Project\CICD\Aplikasi\Terbaru\app-release.apk", true): Started app at: 'E:\SEMESTER 7\MBKM\Capstone Project\CICD\Aplikasi\Terbaru\app-release.apk'

2022-12-21 04:15:41 - [MESSAGE][INFO] - Detected NodeJS location: "C:\Program Files\nodejs\node.exe"

2022-12-21 04:15:42 - [MESSAGE][INFO] - Appium server started on port 65,060

2022-12-21 04:16:03 - [MESSAGE][PASSED] - Started app at: 'E:\SEMESTER 7\MBKM\Capstone Project\CICD\Aplikasi\Terbaru\app-release.apk'

2022-12-21 04:16:03 - [TEST_STEP][PASSED] - tap(findTestObject("Object Repository/BookingOnline/Book2/android.view.View"), 0): Tapped on element 'Object Repository/BookingOnline/Book2/android.view.View'

2022-12-21 04:16:03 - [MESSAGE][WARNING] - Timeout '0' is invalid. Using default page load timeout: '30'

2022-12-21 04:16:05 - [MESSAGE][PASSED] - Tapped on element 'Object Repository/BookingOnline/Book2/android.view.View'

2022-12-21 04:16:05 - [TEST_STEP][PASSED] - tap(findTestObject("Object Repository/BookingOnline/Book2/android.widget.EditText - email address"), 0): Tapped on element 'Object Repository/BookingOnline/Book2/android.widget.EditText - email address'

2022-12-21 04:16:05 - [MESSAGE][WARNING] - Timeout '0' is invalid. Using default page load timeout: '30'

2022-12-21 04:16:06 - [MESSAGE][PASSED] - Tapped on element 'Object Repository/BookingOnline/Book2/android.widget.EditText - email address'

2022-12-21 04:16:06 - [TEST_STEP][PASSED] - setText(findTestObject("Object Repository/BookingOnline/Book2/android.widget.EditText"), "qe1@gmail.com", 0): Text 'qe1@gmail.com' has been set to element 'Object Repository/BookingOnline/Book2/android.widget.EditText'

2022-12-21 04:16:06 - [MESSAGE][WARNING] - Timeout '0' is invalid. Using default page load timeout: '30'

2022-12-21 04:16:08 - [MESSAGE][PASSED] - Text 'qe1@gmail.com' has been set to element 'Object Repository/BookingOnline/Book2/android.widget.EditText'

2022-12-21 04:16:08 - [TEST_STEP][PASSED] - tap(findTestObject("Object Repository/BookingOnline/Book2/android.widget.EditText - password"), 0): Tapped on element 'Object Repository/BookingOnline/Book2/android.widget.EditText - password'

2022-12-21 04:16:08 - [MESSAGE][WARNING] - Timeout '0' is invalid. Using default page load timeout: '30'

2022-12-21 04:16:08 - [MESSAGE][PASSED] - Tapped on element 'Object Repository/BookingOnline/Book2/android.widget.EditText - password'

2022-12-21 04:16:08 - [TEST_STEP][PASSED] - setText(findTestObject("Object Repository/BookingOnline/Book2/android.widget.EditText (1)"), "12344321", 0): Text '12344321' has been set to element 'Object Repository/BookingOnline/Book2/android.widget.EditText (1)'

2022-12-21 04:16:08 - [MESSAGE][WARNING] - Timeout '0' is invalid. Using default page load timeout: '30'

2022-12-21 04:16:09 - [MESSAGE][PASSED] - Text '12344321' has been set to element 'Object Repository/BookingOnline/Book2/android.widget.EditText (1)'

2022-12-21 04:16:09 - [TEST_STEP][PASSED] - hideKeyboard(): Keyboard is hidden

2022-12-21 04:16:12 - [MESSAGE][PASSED] - Keyboard is hidden

2022-12-21 04:16:12 - [TEST_STEP][PASSED] - tap(findTestObject("Object Repository/BookingOnline/Book2/android.widget.Button"), 0): Tapped on element 'Object Repository/BookingOnline/Book2/android.widget.Button'

2022-12-21 04:16:12 - [MESSAGE][WARNING] - Timeout '0' is invalid. Using default page load timeout: '30'

2022-12-21 04:16:14 - [MESSAGE][PASSED] - Tapped on element 'Object Repository/BookingOnline/Book2/android.widget.Button'

2022-12-21 04:16:14 - [TEST_STEP][PASSED] - tap(findTestObject("Object Repository/BookingOnline/Book2/android.widget.ImageView"), 0): Tapped on element 'Object Repository/BookingOnline/Book2/android.widget.ImageView'

2022-12-21 04:16:14 - [MESSAGE][WARNING] - Timeout '0' is invalid. Using default page load timeout: '30'

2022-12-21 04:16:15 - [MESSAGE][PASSED] - Tapped on element 'Object Repository/BookingOnline/Book2/android.widget.ImageView'

2022-12-21 04:16:15 - [TEST_STEP][PASSED] - tap(findTestObject("Object Repository/BookingOnline/Book2/android.widget.Button (1)"), 0): Tapped on element 'Object Repository/BookingOnline/Book2/android.widget.Button (1)'

2022-12-21 04:16:15 - [MESSAGE][WARNING] - Timeout '0' is invalid. Using default page load timeout: '30'

2022-12-21 04:16:17 - [MESSAGE][PASSED] - Tapped on element 'Object Repository/BookingOnline/Book2/android.widget.Button (1)'

2022-12-21 04:16:17 - [TEST_STEP][PASSED] - tap(findTestObject("Object Repository/BookingOnline/Book2/android.view.View (1)"), 0): Tapped on element 'Object Repository/BookingOnline/Book2/android.view.View (1)'

2022-12-21 04:16:17 - [MESSAGE][WARNING] - Timeout '0' is invalid. Using default page load timeout: '30'

2022-12-21 04:16:17 - [MESSAGE][PASSED] - Tapped on element 'Object Repository/BookingOnline/Book2/android.view.View (1)'

2022-12-21 04:16:17 - [TEST_STEP][PASSED] - tap(findTestObject("Object Repository/BookingOnline/Book2/android.view.View (2)"), 0): Tapped on element 'Object Repository/BookingOnline/Book2/android.view.View (2)'

2022-12-21 04:16:17 - [MESSAGE][WARNING] - Timeout '0' is invalid. Using default page load timeout: '30'

2022-12-21 04:16:18 - [MESSAGE][PASSED] - Tapped on element 'Object Repository/BookingOnline/Book2/android.view.View (2)'

2022-12-21 04:16:18 - [TEST_STEP][PASSED] - tap(findTestObject("Object Repository/BookingOnline/Book2/android.widget.Button (2)"), 0): Tapped on element 'Object Repository/BookingOnline/Book2/android.widget.Button (2)'

2022-12-21 04:16:18 - [MESSAGE][WARNING] - Timeout '0' is invalid. Using default page load timeout: '30'

2022-12-21 04:16:19 - [MESSAGE][PASSED] - Tapped on element 'Object Repository/BookingOnline/Book2/android.widget.Button (2)'

2022-12-21 04:16:19 - [TEST_STEP][PASSED] - tap(findTestObject("Object Repository/BookingOnline/Book2/android.widget.Button (3)"), 0): Tapped on element 'Object Repository/BookingOnline/Book2/android.widget.Button (3)'

2022-12-21 04:16:19 - [MESSAGE][WARNING] - Timeout '0' is invalid. Using default page load timeout: '30'

2022-12-21 04:16:21 - [MESSAGE][PASSED] - Tapped on element 'Object Repository/BookingOnline/Book2/android.widget.Button (3)'

2022-12-21 04:16:21 - [TEST_STEP][PASSED] - tap(findTestObject("Object Repository/BookingOnline/Book2/android.widget.Button (4)"), 0): Tapped on element 'Object Repository/BookingOnline/Book2/android.widget.Button (4)'

2022-12-21 04:16:21 - [MESSAGE][WARNING] - Timeout '0' is invalid. Using default page load timeout: '30'

2022-12-21 04:16:22 - [MESSAGE][PASSED] - Tapped on element 'Object Repository/BookingOnline/Book2/android.widget.Button (4)'

2022-12-21 04:16:22 - [TEST_STEP][PASSED] - tap(findTestObject("Object Repository/BookingOnline/Book2/android.widget.Button (5)"), 0): Tapped on element 'Object Repository/BookingOnline/Book2/android.widget.Button (5)'

2022-12-21 04:16:22 - [MESSAGE][WARNING] - Timeout '0' is invalid. Using default page load timeout: '30'

2022-12-21 04:16:23 - [MESSAGE][PASSED] - Tapped on element 'Object Repository/BookingOnline/Book2/android.widget.Button (5)'

2022-12-21 04:16:23 - [TEST_STEP][PASSED] - tap(findTestObject("Object Repository/BookingOnline/Book2/android.widget.Button (6)"), 0): Tapped on element 'Object Repository/BookingOnline/Book2/android.widget.Button (6)'

2022-12-21 04:16:23 - [MESSAGE][WARNING] - Timeout '0' is invalid. Using default page load timeout: '30'

2022-12-21 04:16:24 - [MESSAGE][PASSED] - Tapped on element 'Object Repository/BookingOnline/Book2/android.widget.Button (6)'

2022-12-21 04:16:24 - [TEST_STEP][PASSED] - verifyElementText(findTestObject("Object Repository/BookingOnline/Book2/android.view.View (3)"), ""): Actual text and expected text of test object 'Object Repository/BookingOnline/Book2/android.view.View (3)' are matched.

2022-12-21 04:16:24 - [MESSAGE][PASSED] - Actual text and expected text of test object 'Object Repository/BookingOnline/Book2/android.view.View (3)' are matched.

2022-12-21 04:16:24 - [TEST_STEP][PASSED] - closeApplication(): Close app successfully

2022-12-21 04:16:25 - [MESSAGE][PASSED] - Close app successfully]]></system-out>
         <system-err><![CDATA[]]></system-err>
      </testcase>
      <testcase name="Test Cases/Booking/Online/TC_BookingClassOnline_03" time="40.399" classname="Test Cases/Booking/Online/TC_BookingClassOnline_03" status="PASSED">
         <system-out><![CDATA[2022-12-21 04:16:25 - [TEST_CASE][PASSED] - Test Cases/Booking/Online/TC_BookingClassOnline_03: Test Cases/Booking/Online/TC_BookingClassOnline_03

2022-12-21 04:16:26 - [TEST_STEP][PASSED] - startApplication("E:\SEMESTER 7\MBKM\Capstone Project\CICD\Aplikasi\Terbaru\app-release.apk", true): Started app at: 'E:\SEMESTER 7\MBKM\Capstone Project\CICD\Aplikasi\Terbaru\app-release.apk'

2022-12-21 04:16:26 - [MESSAGE][INFO] - Detected NodeJS location: "C:\Program Files\nodejs\node.exe"

2022-12-21 04:16:27 - [MESSAGE][INFO] - Appium server started on port 65,216

2022-12-21 04:16:47 - [MESSAGE][PASSED] - Started app at: 'E:\SEMESTER 7\MBKM\Capstone Project\CICD\Aplikasi\Terbaru\app-release.apk'

2022-12-21 04:16:47 - [TEST_STEP][PASSED] - tap(findTestObject("Object Repository/BookingOnline/Book1/android.view.View"), 0): Tapped on element 'Object Repository/BookingOnline/Book1/android.view.View'

2022-12-21 04:16:47 - [MESSAGE][WARNING] - Timeout '0' is invalid. Using default page load timeout: '30'

2022-12-21 04:16:49 - [MESSAGE][PASSED] - Tapped on element 'Object Repository/BookingOnline/Book1/android.view.View'

2022-12-21 04:16:49 - [TEST_STEP][PASSED] - tap(findTestObject("Object Repository/BookingOnline/Book1/android.widget.EditText - email address"), 0): Tapped on element 'Object Repository/BookingOnline/Book1/android.widget.EditText - email address'

2022-12-21 04:16:49 - [MESSAGE][WARNING] - Timeout '0' is invalid. Using default page load timeout: '30'

2022-12-21 04:16:50 - [MESSAGE][PASSED] - Tapped on element 'Object Repository/BookingOnline/Book1/android.widget.EditText - email address'

2022-12-21 04:16:50 - [TEST_STEP][PASSED] - setText(findTestObject("Object Repository/BookingOnline/Book1/android.widget.EditText"), "qe1@gmail.com", 0): Text 'qe1@gmail.com' has been set to element 'Object Repository/BookingOnline/Book1/android.widget.EditText'

2022-12-21 04:16:50 - [MESSAGE][WARNING] - Timeout '0' is invalid. Using default page load timeout: '30'

2022-12-21 04:16:51 - [MESSAGE][PASSED] - Text 'qe1@gmail.com' has been set to element 'Object Repository/BookingOnline/Book1/android.widget.EditText'

2022-12-21 04:16:51 - [TEST_STEP][PASSED] - tap(findTestObject("Object Repository/BookingOnline/Book1/android.widget.EditText - password"), 0): Tapped on element 'Object Repository/BookingOnline/Book1/android.widget.EditText - password'

2022-12-21 04:16:51 - [MESSAGE][WARNING] - Timeout '0' is invalid. Using default page load timeout: '30'

2022-12-21 04:16:52 - [MESSAGE][PASSED] - Tapped on element 'Object Repository/BookingOnline/Book1/android.widget.EditText - password'

2022-12-21 04:16:52 - [TEST_STEP][PASSED] - setText(findTestObject("Object Repository/BookingOnline/Book1/android.widget.EditText (1)"), "12344321", 0): Text '12344321' has been set to element 'Object Repository/BookingOnline/Book1/android.widget.EditText (1)'

2022-12-21 04:16:52 - [MESSAGE][WARNING] - Timeout '0' is invalid. Using default page load timeout: '30'

2022-12-21 04:16:53 - [MESSAGE][PASSED] - Text '12344321' has been set to element 'Object Repository/BookingOnline/Book1/android.widget.EditText (1)'

2022-12-21 04:16:53 - [TEST_STEP][PASSED] - hideKeyboard(): Keyboard is hidden

2022-12-21 04:16:56 - [MESSAGE][PASSED] - Keyboard is hidden

2022-12-21 04:16:56 - [TEST_STEP][PASSED] - tap(findTestObject("Object Repository/BookingOnline/Book1/android.widget.Button"), 0): Tapped on element 'Object Repository/BookingOnline/Book1/android.widget.Button'

2022-12-21 04:16:56 - [MESSAGE][WARNING] - Timeout '0' is invalid. Using default page load timeout: '30'

2022-12-21 04:16:57 - [MESSAGE][PASSED] - Tapped on element 'Object Repository/BookingOnline/Book1/android.widget.Button'

2022-12-21 04:16:57 - [TEST_STEP][PASSED] - tap(findTestObject("Object Repository/BookingOnline/Book1/android.widget.ImageView"), 0): Tapped on element 'Object Repository/BookingOnline/Book1/android.widget.ImageView'

2022-12-21 04:16:57 - [MESSAGE][WARNING] - Timeout '0' is invalid. Using default page load timeout: '30'

2022-12-21 04:16:58 - [MESSAGE][PASSED] - Tapped on element 'Object Repository/BookingOnline/Book1/android.widget.ImageView'

2022-12-21 04:16:58 - [TEST_STEP][PASSED] - tap(findTestObject("Object Repository/BookingOnline/Book1/android.widget.Button (1)"), 0): Tapped on element 'Object Repository/BookingOnline/Book1/android.widget.Button (1)'

2022-12-21 04:16:58 - [MESSAGE][WARNING] - Timeout '0' is invalid. Using default page load timeout: '30'

2022-12-21 04:17:00 - [MESSAGE][PASSED] - Tapped on element 'Object Repository/BookingOnline/Book1/android.widget.Button (1)'

2022-12-21 04:17:00 - [TEST_STEP][PASSED] - tap(findTestObject("Object Repository/BookingOnline/Book1/android.view.View (1)"), 0): Tapped on element 'Object Repository/BookingOnline/Book1/android.view.View (1)'

2022-12-21 04:17:00 - [MESSAGE][WARNING] - Timeout '0' is invalid. Using default page load timeout: '30'

2022-12-21 04:17:01 - [MESSAGE][PASSED] - Tapped on element 'Object Repository/BookingOnline/Book1/android.view.View (1)'

2022-12-21 04:17:01 - [TEST_STEP][PASSED] - tap(findTestObject("Object Repository/BookingOnline/Book1/android.view.View (2)"), 0): Tapped on element 'Object Repository/BookingOnline/Book1/android.view.View (2)'

2022-12-21 04:17:01 - [MESSAGE][WARNING] - Timeout '0' is invalid. Using default page load timeout: '30'

2022-12-21 04:17:02 - [MESSAGE][PASSED] - Tapped on element 'Object Repository/BookingOnline/Book1/android.view.View (2)'

2022-12-21 04:17:02 - [TEST_STEP][PASSED] - tap(findTestObject("Object Repository/BookingOnline/Book1/android.widget.Button (2)"), 0): Tapped on element 'Object Repository/BookingOnline/Book1/android.widget.Button (2)'

2022-12-21 04:17:02 - [MESSAGE][WARNING] - Timeout '0' is invalid. Using default page load timeout: '30'

2022-12-21 04:17:03 - [MESSAGE][PASSED] - Tapped on element 'Object Repository/BookingOnline/Book1/android.widget.Button (2)'

2022-12-21 04:17:03 - [TEST_STEP][PASSED] - tap(findTestObject("Object Repository/BookingOnline/Book1/android.widget.Button (3)"), 0): Tapped on element 'Object Repository/BookingOnline/Book1/android.widget.Button (3)'

2022-12-21 04:17:03 - [MESSAGE][WARNING] - Timeout '0' is invalid. Using default page load timeout: '30'

2022-12-21 04:17:04 - [MESSAGE][PASSED] - Tapped on element 'Object Repository/BookingOnline/Book1/android.widget.Button (3)'

2022-12-21 04:17:04 - [TEST_STEP][PASSED] - verifyElementText(findTestObject("Object Repository/BookingOnline/Book1/android.view.View (3)"), ""): Actual text and expected text of test object 'Object Repository/BookingOnline/Book1/android.view.View (3)' are matched.

2022-12-21 04:17:04 - [MESSAGE][PASSED] - Actual text and expected text of test object 'Object Repository/BookingOnline/Book1/android.view.View (3)' are matched.

2022-12-21 04:17:04 - [TEST_STEP][PASSED] - closeApplication(): Close app successfully

2022-12-21 04:17:06 - [MESSAGE][PASSED] - Close app successfully]]></system-out>
         <system-err><![CDATA[]]></system-err>
      </testcase>
      <testcase name="Test Cases/Booking/Online/TC_BookingClassOnline_11" time="44.708" classname="Test Cases/Booking/Online/TC_BookingClassOnline_11" status="PASSED">
         <system-out><![CDATA[2022-12-21 04:17:06 - [TEST_CASE][PASSED] - Test Cases/Booking/Online/TC_BookingClassOnline_11: Test Cases/Booking/Online/TC_BookingClassOnline_11

2022-12-21 04:17:06 - [TEST_STEP][PASSED] - startApplication("E:\SEMESTER 7\MBKM\Capstone Project\CICD\Aplikasi\Terbaru\app-release.apk", true): Started app at: 'E:\SEMESTER 7\MBKM\Capstone Project\CICD\Aplikasi\Terbaru\app-release.apk'

2022-12-21 04:17:06 - [MESSAGE][INFO] - Detected NodeJS location: "C:\Program Files\nodejs\node.exe"

2022-12-21 04:17:07 - [MESSAGE][INFO] - Appium server started on port 65,371

2022-12-21 04:17:27 - [MESSAGE][PASSED] - Started app at: 'E:\SEMESTER 7\MBKM\Capstone Project\CICD\Aplikasi\Terbaru\app-release.apk'

2022-12-21 04:17:27 - [TEST_STEP][PASSED] - tap(findTestObject("Object Repository/BookingOnline/Book3/android.view.View"), 0): Tapped on element 'Object Repository/BookingOnline/Book3/android.view.View'

2022-12-21 04:17:27 - [MESSAGE][WARNING] - Timeout '0' is invalid. Using default page load timeout: '30'

2022-12-21 04:17:29 - [MESSAGE][PASSED] - Tapped on element 'Object Repository/BookingOnline/Book3/android.view.View'

2022-12-21 04:17:29 - [TEST_STEP][PASSED] - tap(findTestObject("Object Repository/BookingOnline/Book3/android.widget.EditText - email address"), 0): Tapped on element 'Object Repository/BookingOnline/Book3/android.widget.EditText - email address'

2022-12-21 04:17:29 - [MESSAGE][WARNING] - Timeout '0' is invalid. Using default page load timeout: '30'

2022-12-21 04:17:30 - [MESSAGE][PASSED] - Tapped on element 'Object Repository/BookingOnline/Book3/android.widget.EditText - email address'

2022-12-21 04:17:30 - [TEST_STEP][PASSED] - setText(findTestObject("Object Repository/BookingOnline/Book3/android.widget.EditText"), "qe1@gmail.com", 0): Text 'qe1@gmail.com' has been set to element 'Object Repository/BookingOnline/Book3/android.widget.EditText'

2022-12-21 04:17:30 - [MESSAGE][WARNING] - Timeout '0' is invalid. Using default page load timeout: '30'

2022-12-21 04:17:31 - [MESSAGE][PASSED] - Text 'qe1@gmail.com' has been set to element 'Object Repository/BookingOnline/Book3/android.widget.EditText'

2022-12-21 04:17:31 - [TEST_STEP][PASSED] - tap(findTestObject("Object Repository/BookingOnline/Book3/android.widget.EditText - password"), 0): Tapped on element 'Object Repository/BookingOnline/Book3/android.widget.EditText - password'

2022-12-21 04:17:31 - [MESSAGE][WARNING] - Timeout '0' is invalid. Using default page load timeout: '30'

2022-12-21 04:17:32 - [MESSAGE][PASSED] - Tapped on element 'Object Repository/BookingOnline/Book3/android.widget.EditText - password'

2022-12-21 04:17:32 - [TEST_STEP][PASSED] - setText(findTestObject("Object Repository/BookingOnline/Book3/android.widget.EditText (1)"), "12344321", 0): Text '12344321' has been set to element 'Object Repository/BookingOnline/Book3/android.widget.EditText (1)'

2022-12-21 04:17:32 - [MESSAGE][WARNING] - Timeout '0' is invalid. Using default page load timeout: '30'

2022-12-21 04:17:33 - [MESSAGE][PASSED] - Text '12344321' has been set to element 'Object Repository/BookingOnline/Book3/android.widget.EditText (1)'

2022-12-21 04:17:33 - [TEST_STEP][PASSED] - hideKeyboard(): Keyboard is hidden

2022-12-21 04:17:36 - [MESSAGE][PASSED] - Keyboard is hidden

2022-12-21 04:17:36 - [TEST_STEP][PASSED] - tap(findTestObject("Object Repository/BookingOnline/Book3/android.widget.Button"), 0): Tapped on element 'Object Repository/BookingOnline/Book3/android.widget.Button'

2022-12-21 04:17:36 - [MESSAGE][WARNING] - Timeout '0' is invalid. Using default page load timeout: '30'

2022-12-21 04:17:37 - [MESSAGE][PASSED] - Tapped on element 'Object Repository/BookingOnline/Book3/android.widget.Button'

2022-12-21 04:17:37 - [TEST_STEP][PASSED] - tap(findTestObject("Object Repository/BookingOnline/Book3/android.widget.ImageView"), 0): Tapped on element 'Object Repository/BookingOnline/Book3/android.widget.ImageView'

2022-12-21 04:17:37 - [MESSAGE][WARNING] - Timeout '0' is invalid. Using default page load timeout: '30'

2022-12-21 04:17:39 - [MESSAGE][PASSED] - Tapped on element 'Object Repository/BookingOnline/Book3/android.widget.ImageView'

2022-12-21 04:17:39 - [TEST_STEP][PASSED] - tap(findTestObject("Object Repository/BookingOnline/Book3/android.widget.Button (1)"), 0): Tapped on element 'Object Repository/BookingOnline/Book3/android.widget.Button (1)'

2022-12-21 04:17:39 - [MESSAGE][WARNING] - Timeout '0' is invalid. Using default page load timeout: '30'

2022-12-21 04:17:41 - [MESSAGE][PASSED] - Tapped on element 'Object Repository/BookingOnline/Book3/android.widget.Button (1)'

2022-12-21 04:17:41 - [TEST_STEP][PASSED] - tap(findTestObject("Object Repository/BookingOnline/Book3/android.view.View (1)"), 0): Tapped on element 'Object Repository/BookingOnline/Book3/android.view.View (1)'

2022-12-21 04:17:41 - [MESSAGE][WARNING] - Timeout '0' is invalid. Using default page load timeout: '30'

2022-12-21 04:17:41 - [MESSAGE][PASSED] - Tapped on element 'Object Repository/BookingOnline/Book3/android.view.View (1)'

2022-12-21 04:17:41 - [TEST_STEP][PASSED] - tap(findTestObject("Object Repository/BookingOnline/Book3/android.view.View (2)"), 0): Tapped on element 'Object Repository/BookingOnline/Book3/android.view.View (2)'

2022-12-21 04:17:41 - [MESSAGE][WARNING] - Timeout '0' is invalid. Using default page load timeout: '30'

2022-12-21 04:17:42 - [MESSAGE][PASSED] - Tapped on element 'Object Repository/BookingOnline/Book3/android.view.View (2)'

2022-12-21 04:17:42 - [TEST_STEP][PASSED] - tap(findTestObject("Object Repository/BookingOnline/Book3/android.widget.Button (2)"), 0): Tapped on element 'Object Repository/BookingOnline/Book3/android.widget.Button (2)'

2022-12-21 04:17:42 - [MESSAGE][WARNING] - Timeout '0' is invalid. Using default page load timeout: '30'

2022-12-21 04:17:43 - [MESSAGE][PASSED] - Tapped on element 'Object Repository/BookingOnline/Book3/android.widget.Button (2)'

2022-12-21 04:17:43 - [TEST_STEP][PASSED] - tap(findTestObject("Object Repository/BookingOnline/Book3/android.widget.Button (3)"), 0): Tapped on element 'Object Repository/BookingOnline/Book3/android.widget.Button (3)'

2022-12-21 04:17:43 - [MESSAGE][WARNING] - Timeout '0' is invalid. Using default page load timeout: '30'

2022-12-21 04:17:45 - [MESSAGE][PASSED] - Tapped on element 'Object Repository/BookingOnline/Book3/android.widget.Button (3)'

2022-12-21 04:17:45 - [TEST_STEP][PASSED] - tap(findTestObject("Object Repository/BookingOnline/Book3/android.widget.Button (4)"), 0): Tapped on element 'Object Repository/BookingOnline/Book3/android.widget.Button (4)'

2022-12-21 04:17:45 - [MESSAGE][WARNING] - Timeout '0' is invalid. Using default page load timeout: '30'

2022-12-21 04:17:46 - [MESSAGE][PASSED] - Tapped on element 'Object Repository/BookingOnline/Book3/android.widget.Button (4)'

2022-12-21 04:17:46 - [TEST_STEP][PASSED] - tap(findTestObject("Object Repository/BookingOnline/Book3/android.widget.Button (5)"), 0): Tapped on element 'Object Repository/BookingOnline/Book3/android.widget.Button (5)'

2022-12-21 04:17:46 - [MESSAGE][WARNING] - Timeout '0' is invalid. Using default page load timeout: '30'

2022-12-21 04:17:47 - [MESSAGE][PASSED] - Tapped on element 'Object Repository/BookingOnline/Book3/android.widget.Button (5)'

2022-12-21 04:17:47 - [TEST_STEP][PASSED] - tap(findTestObject("Object Repository/BookingOnline/Book3/android.widget.Button (6)"), 0): Tapped on element 'Object Repository/BookingOnline/Book3/android.widget.Button (6)'

2022-12-21 04:17:47 - [MESSAGE][WARNING] - Timeout '0' is invalid. Using default page load timeout: '30'

2022-12-21 04:17:48 - [MESSAGE][PASSED] - Tapped on element 'Object Repository/BookingOnline/Book3/android.widget.Button (6)'

2022-12-21 04:17:48 - [TEST_STEP][PASSED] - tap(findTestObject("Object Repository/BookingOnline/Book3/android.widget.Button (7)"), 0): Tapped on element 'Object Repository/BookingOnline/Book3/android.widget.Button (7)'

2022-12-21 04:17:48 - [MESSAGE][WARNING] - Timeout '0' is invalid. Using default page load timeout: '30'

2022-12-21 04:17:49 - [MESSAGE][PASSED] - Tapped on element 'Object Repository/BookingOnline/Book3/android.widget.Button (7)'

2022-12-21 04:17:49 - [TEST_STEP][PASSED] - tap(findTestObject("Object Repository/BookingOnline/Book3/android.view.View (3)"), 0): Tapped on element 'Object Repository/BookingOnline/Book3/android.view.View (3)'

2022-12-21 04:17:49 - [MESSAGE][WARNING] - Timeout '0' is invalid. Using default page load timeout: '30'

2022-12-21 04:17:49 - [MESSAGE][PASSED] - Tapped on element 'Object Repository/BookingOnline/Book3/android.view.View (3)'

2022-12-21 04:17:49 - [TEST_STEP][PASSED] - closeApplication(): Close app successfully

2022-12-21 04:17:51 - [MESSAGE][PASSED] - Close app successfully]]></system-out>
         <system-err><![CDATA[]]></system-err>
      </testcase>
      <system-out><![CDATA[2022-12-21 04:14:55 - [TEST_SUITE][PASSED] - OnlineClass: Test Cases/Booking/Online/TC_BookingClassOnline_11]]></system-out>
      <system-err><![CDATA[]]></system-err>
   </testsuite>
</testsuites>
